#
# A fatal error has been detected by the Java Runtime Environment:
#
#  Internal Error (jvmciRuntime.cpp:1609), pid=23, tid=41
#  fatal error: Fatal exception in JVMCI: Error calling jdk.vm.ci.services.Services.serializeSavedProperties
#
# JRE version: OpenJDK Runtime Environment GraalVM CE 22.3.0 (17.0.5+8) (build 17.0.5+8-jvmci-22.3-b08)
# Java VM: OpenJDK 64-Bit Server VM GraalVM CE 22.3.0 (17.0.5+8-jvmci-22.3-b08, mixed mode, sharing, tiered, jvmci, jvmci compiler, compressed oops, compressed class ptrs, parallel gc, linux-amd64)
# Problematic frame:
# V  [libjvm.so+0x972714]  JVMCIRuntime::fatal_exception(JVMCIEnv*, char const*)+0x74
#
# Core dump will be written. Default location: Core dumps may be processed with "/usr/share/apport/apport -p%p -s%s -c%c -d%d -P%P -u%u -g%g -- %E" (or dumping to /home/runner/23/core.23)
#
# If you would like to submit a bug report, please visit:
#   https://github.com/oracle/graal/issues
#

---------------  S U M M A R Y ------------

Command Line: -XX:ThreadPriorityPolicy=1 -XX:+UnlockExperimentalVMOptions -XX:+EnableJVMCIProduct -XX:JVMCIThreadsPerNativeLibraryRuntime=1 -XX:-UnlockExperimentalVMOptions -Declipse.application=org.eclipse.jdt.ls.core.id1 -Dosgi.bundles.defaultStartLevel=4 -Declipse.product=org.eclipse.jdt.ls.core.product -Dlog.level=ALL -Xverify:none -XX:+UseParallelGC -XX:GCTimeRatio=4 -XX:AdaptiveSizePolicyWeight=90 -Dsun.zip.disableMemoryMapping=true -Xmx512m -Xms100m /nix/store/m6gcpi1ii6rghy04cjwjddcavv7i90df-jdt-language-server-1.9.0/share/java/plugins/org.eclipse.equinox.launcher_1.6.400.v20210924-0641.jar --add-modules=ALL-SYSTEM --add-opens java.base/java.util=ALL-UNNAMED --add-opens java.base/java.lang=ALL-UNNAMED -configuration /home/runner/.cache/jdt-language-server/config -data /home/runner/.cache/jdt-language-server/data/home/runner/23

Host: AMD EPYC 7B12, 8 cores, 1G, Ubuntu 20.04.2 LTS
Time: Wed Mar 22 17:21:36 2023 UTC elapsed time: 1669.210421 seconds (0d 0h 27m 49s)

---------------  T H R E A D  ---------------

Current thread (0x00007f205c0b21b0):  JavaThread "JVMCI-native CompilerThread0" daemon [_thread_in_vm, id=41, stack(0x00007f2040918000,0x00007f2040b18000)]


Current CompileTask:
JVMCI-native:1669245 9606       4       org.eclipse.jdt.internal.compiler.classfmt.MethodInfo::getMethodDescriptor (46 bytes)

Stack: [0x00007f2040918000,0x00007f2040b18000],  sp=0x00007f2040b16380,  free space=2040k
Native frames: (J=compiled Java code, j=interpreted, Vv=VM code, C=native code)
V  [libjvm.so+0x972714]  JVMCIRuntime::fatal_exception(JVMCIEnv*, char const*)+0x74
V  [libjvm.so+0x93e2fe]  JVMCIEnv::copy_saved_properties()+0x14e
V  [libjvm.so+0x9732a9]  JVMCIRuntime::initialize(JVMCIEnv*)+0xb19
V  [libjvm.so+0x9738a2]  JVMCIRuntime::get_HotSpotJVMCIRuntime(JVMCIEnv*)+0x12
V  [libjvm.so+0x9749f2]  JVMCIRuntime::compile_method(JVMCIEnv*, JVMCICompiler*, methodHandle const&, int)+0xd2
V  [libjvm.so+0x5b0d20]  CompileBroker::invoke_compiler_on_method(CompileTask*)+0x1470
V  [libjvm.so+0x5b12e8]  CompileBroker::compiler_thread_loop()+0x528
V  [libjvm.so+0xd82460]  JavaThread::thread_main_inner()+0xd0
V  [libjvm.so+0xd85a40]  Thread::call_run()+0xc0
V  [libjvm.so+0xbdb1e1]  thread_native_entry(Thread*)+0xe1

Register to memory mapping:

RAX=0x00007f20605ed000 points into unknown readable memory: 0x0000000000000058 | 58 00 00 00 00 00 00 00
RBX=0x00007f20616e8398: <offset 0x0000000000ef5398> in /nix/store/gpxl5qgg8kicmcvivwmybwjlpf7wh20l-graalvm17-ce-22.3.0/lib/server/libjvm.so at 0x00007f20607f3000
RCX=0x00007f20616a01e8: <offset 0x0000000000ead1e8> in /nix/store/gpxl5qgg8kicmcvivwmybwjlpf7wh20l-graalvm17-ce-22.3.0/lib/server/libjvm.so at 0x00007f20607f3000
RDX=0x0000000000000649 is an unknown value
RSP=0x00007f2040b16380 is pointing into the stack for thread: 0x00007f205c0b21b0
RBP=0x00007f2040b163a0 is pointing into the stack for thread: 0x00007f205c0b21b0
RSI=0x00007f20616e8c48: <offset 0x0000000000ef5c48> in /nix/store/gpxl5qgg8kicmcvivwmybwjlpf7wh20l-graalvm17-ce-22.3.0/lib/server/libjvm.so at 0x00007f20607f3000
RDI=0x00000000e0000000 is an oop: java.lang.String 
{0x00000000e0000000} - klass: 'java/lang/String'
 - string: "resolution"
R8 =0x00007f20616e8398: <offset 0x0000000000ef5398> in /nix/store/gpxl5qgg8kicmcvivwmybwjlpf7wh20l-graalvm17-ce-22.3.0/lib/server/libjvm.so at 0x00007f20607f3000
R9 =0x00007f2040b16330 is pointing into the stack for thread: 0x00007f205c0b21b0
R10=0x00007f2040b17948 is pointing into the stack for thread: 0x00007f205c0b21b0
R11=0x0000000000000293 is an unknown value
R12=0x0 is NULL
R13=0x00007f205c0b21b0 is a thread
R14=0x00007f205c000b80 points into unknown readable memory: 0x00007f2061919a38 | 38 9a 91 61 20 7f 00 00
R15=0x00007f2061a27e40: <offset 0x0000000001234e40> in /nix/store/gpxl5qgg8kicmcvivwmybwjlpf7wh20l-graalvm17-ce-22.3.0/lib/server/libjvm.so at 0x00007f20607f3000


Registers:
RAX=0x00007f20605ed000, RBX=0x00007f20616e8398, RCX=0x00007f20616a01e8, RDX=0x0000000000000649
RSP=0x00007f2040b16380, RBP=0x00007f2040b163a0, RSI=0x00007f20616e8c48, RDI=0x00000000e0000000
R8 =0x00007f20616e8398, R9 =0x00007f2040b16330, R10=0x00007f2040b17948, R11=0x0000000000000293
R12=0x0000000000000000, R13=0x00007f205c0b21b0, R14=0x00007f205c000b80, R15=0x00007f2061a27e40
RIP=0x00007f2061165714, EFLAGS=0x0000000000010206, CSGSFS=0x002b000000000033, ERR=0x0000000000000006
  TRAPNO=0x000000000000000e

Top of Stack: (sp=0x00007f2040b16380)
0x00007f2040b16380:   00007f2040b16940 00007f205c0b21b0
0x00007f2040b16390:   00007f20424178c8 0000000800c415a8
0x00007f2040b163a0:   00007f2040b16500 00007f20611312fe
0x00007f2040b163b0:   00007f2040b163e0 00007f2040b16440 

Instructions: (pc=0x00007f2061165714)
0x00007f2061165614:   30 e8 f6 cf e8 ff 4c 89 e7 e8 2e 48 d1 ff 84 db
0x00007f2061165624:   75 2a 4d 85 ed 74 04 4d 8b 6d 00 48 83 c4 08 44
0x00007f2061165634:   89 f9 4c 89 f2 4c 89 ee 5b 4c 89 e7 41 5c 41 5d
0x00007f2061165644:   41 5e 41 5f 5d e9 e2 47 d1 ff 66 90 48 83 c4 08
0x00007f2061165654:   5b 41 5c 41 5d 41 5e 41 5f 5d c3 90 31 d2 be 08
0x00007f2061165664:   00 00 00 4c 89 ff e8 b1 78 a3 ff 49 89 c5 e9 37
0x00007f2061165674:   ff ff ff 66 0f 1f 84 00 00 00 00 00 48 8b 7a 08
0x00007f2061165684:   e9 6d ff ff ff 0f 1f 80 00 00 00 00 e8 5b 48 0a
0x00007f2061165694:   00 84 c0 75 89 e9 6a ff ff ff 66 90 55 48 89 e5
0x00007f20611656a4:   41 56 41 55 41 54 49 89 fc 53 48 89 f3 66 48 8d
0x00007f20611656b4:   3d 27 5e 85 00 66 66 48 e8 df 43 8d ff 4c 8b 28
0x00007f20611656c4:   8b 05 be 72 8a 00 85 c0 75 14 ba 01 00 00 00 48
0x00007f20611656d4:   8d 0d ae 72 8a 00 f0 0f b1 11 85 c0 74 4e be c8
0x00007f20611656e4:   00 00 00 4c 89 ef e8 01 0b 41 00 48 8d 05 12 ac
0x00007f20611656f4:   85 00 49 89 d8 48 8d 0d e8 aa 53 00 ba 49 06 00
0x00007f2061165704:   00 48 8d 35 3c 35 58 00 bf 00 00 00 e0 48 8b 00
0x00007f2061165714:   c6 00 58 31 c0 e8 e2 91 c6 ff 5b 41 5c 41 5d 41
0x00007f2061165724:   5e 5d e9 55 34 26 00 0f 1f 44 00 00 48 8d 05 81
0x00007f2061165734:   a3 8b 00 48 89 df 4c 8b 30 e8 9e 43 8d ff 48 89
0x00007f2061165744:   de 48 89 c2 49 8b 06 4c 89 f7 ff 50 08 4c 89 f7
0x00007f2061165754:   e8 a7 5c 27 00 4d 85 e4 74 12 be 01 00 00 00 4c
0x00007f2061165764:   89 e7 e8 35 43 fc ff eb 82 0f 1f 00 be 01 00 00
0x00007f2061165774:   00 4c 89 ef e8 d3 fd ff ff e9 6d ff ff ff 66 66
0x00007f2061165784:   2e 0f 1f 84 00 00 00 00 00 0f 1f 00 55 48 89 e5
0x00007f2061165794:   41 57 41 56 41 55 41 54 53 48 81 ec 08 02 00 00
0x00007f20611657a4:   64 48 8b 04 25 28 00 00 00 48 89 45 c8 8b 07 83
0x00007f20611657b4:   f8 02 0f 84 11 04 00 00 4c 8b 6f 18 49 89 ff 49
0x00007f20611657c4:   89 f4 4d 85 ed 74 14 4c 89 ef e8 5d 57 22 00 41
0x00007f20611657d4:   8b 07 83 f8 02 0f 84 19 04 00 00 48 8d 1d 9a 06
0x00007f20611657e4:   8a 00 4c 8d 35 0b 3c 58 00 eb 38 90 48 85 d2 7f
0x00007f20611657f4:   0d 48 8d 05 b4 c0 85 00 48 83 38 00 7e 0e 41 8b
0x00007f2061165804:   77 2c 4c 89 f7 31 c0 e8 a0 b2 f7 ff 49 8b 7f 18 


Stack slot to memory mapping:
stack at sp + 0 slots: 0x00007f2040b16940 is pointing into the stack for thread: 0x00007f205c0b21b0
stack at sp + 1 slots: 0x00007f205c0b21b0 is a thread
stack at sp + 2 slots: 0x00007f20424178c8 points into unknown readable memory: 0x65730018052dffff | ff ff 2d 05 18 00 73 65
stack at sp + 3 slots: 0x0000000800c415a8 is a pointer to class: 
jdk.vm.ci.services.Services {0x0000000800c415a8}
 - instance size:     2
 - klass size:        65
 - access:            public final synchronized 
 - state:             fully_initialized
 - name:              'jdk/vm/ci/services/Services'
 - super:             'java/lang/Object'
 - sub:               
 - arrays:            NULL
 - methods:           Array<T>(0x00007f2041440ef0)
 - method ordering:   Array<T>(0x0000000800928960)
 - default_methods:   Array<T>(0x0000000000000000)
 - local interfaces:  Array<T>(0x00000008005ce810)
 - trans. interfaces: Array<T>(0x00000008005ce810)
 - constants:         constant pool [427] {0x00007f204143ff98} for 'jdk/vm/ci/services/Services' cache=0x00007f2041442350
 - class loader data:  loader data: 0x00007f205c0283d0 of 'bootstrap'
 - source file:       'Services.java'
 - class annotations:       Array<T>(0x0000000000000000)
 - class type annotations:  Array<T>(0x0000000000000000)
 - field annotations:       Array<T>(0x0000000000000000)
 - field type annotations:  Array<T>(0x0000000000000000)
 - inner classes:     Array<T>(0x00007f2041442190)
 - nest members:     Array<T>(0x00007f20414421b0)
 - permitted subclasses:     Array<T>(0x00000008005ce7a0)
 - java mirror:       a 'java/lang/Class'{0x00000000e0148bf0} = 'jdk/vm/ci/services/Services'
 - vtable length      5  (start addr: 0x0000000800c41778)
 - itable length      2 (start addr: 0x0000000800c417a0)
 - ---- static fields (3 words):
 - public static final 'IS_BUILDING_NATIVE_IMAGE' 'Z' @128 
 - public static final 'IS_IN_NATIVE_IMAGE' 'Z' @129 
 - private static volatile 'savedProperties' 'Ljava/util/Map;' @112 
 - static final 'JVMCI_ENABLED' 'Z' @130 
 - private static final 'servicesCache' 'Ljava/util/Map;' @116 
 - private static final 'MAX_UNICODE_IN_UTF8_LENGTH' 'I' @120 
 - private static final 'MAX_UTF8_PROPERTY_STRING_LENGTH' 'I' @124 
 - ---- non-static fields (0 words):
 - non-static oop maps: 
stack at sp + 4 slots: 0x00007f2040b16500 is pointing into the stack for thread: 0x00007f205c0b21b0
stack at sp + 5 slots: 0x00007f20611312fe: <offset 0x000000000093e2fe> in /nix/store/gpxl5qgg8kicmcvivwmybwjlpf7wh20l-graalvm17-ce-22.3.0/lib/server/libjvm.so at 0x00007f20607f3000
stack at sp + 6 slots: 0x00007f2040b163e0 is pointing into the stack for thread: 0x00007f205c0b21b0
stack at sp + 7 slots: 0x00007f2040b16440 is pointing into the stack for thread: 0x00007f205c0b21b0


---------------  P R O C E S S  ---------------

Threads class SMR info:
_java_thread_list=0x00007f1fbc4e9390, length=28, elements={
0x00007f205c026670, 0x00007f205c0a64b0, 0x00007f205c0a78f0, 0x00007f205c0ae020,
0x00007f205c0af3d0, 0x00007f205c0b07c0, 0x00007f205c0b21b0, 0x00007f205c0b36c0,
0x00007f205c0b4b10, 0x00007f205c0d7930, 0x00007f205c121530, 0x00007f205c304b10,
0x00007f205c338370, 0x00007f205c33a020, 0x00007f205c37a270, 0x00007f1ff00171b0,
0x00007f1ff02a9460, 0x00007f1ff04b9670, 0x00007f1ff07172f0, 0x00007f205c40f9c0,
0x00007f1fd4000ff0, 0x00007f205c4c3a60, 0x00007f1fd0001130, 0x00007f1fc8002430,
0x00007f1fc41b4890, 0x00007f1fc41b8990, 0x00007f1fc4115a40, 0x00007f1fe00010d0
}

Java Threads: ( => current thread )
  0x00007f205c026670 JavaThread "main" [_thread_blocked, id=33, stack(0x00007f206060e000,0x00007f206070e000)]
  0x00007f205c0a64b0 JavaThread "Reference Handler" daemon [_thread_blocked, id=36, stack(0x00007f20411fe000,0x00007f20412fe000)]
  0x00007f205c0a78f0 JavaThread "Finalizer" daemon [_thread_blocked, id=37, stack(0x00007f20410fe000,0x00007f20411fe000)]
  0x00007f205c0ae020 JavaThread "Signal Dispatcher" daemon [_thread_blocked, id=38, stack(0x00007f2040d18000,0x00007f2040e18000)]
  0x00007f205c0af3d0 JavaThread "Service Thread" daemon [_thread_blocked, id=39, stack(0x00007f2040c18000,0x00007f2040d18000)]
  0x00007f205c0b07c0 JavaThread "Monitor Deflation Thread" daemon [_thread_blocked, id=40, stack(0x00007f2040b18000,0x00007f2040c18000)]
=>0x00007f205c0b21b0 JavaThread "JVMCI-native CompilerThread0" daemon [_thread_in_vm, id=41, stack(0x00007f2040918000,0x00007f2040b18000)]
  0x00007f205c0b36c0 JavaThread "C1 CompilerThread0" daemon [_thread_blocked, id=42, stack(0x00007f2040718000,0x00007f2040918000)]
  0x00007f205c0b4b10 JavaThread "Sweeper thread" daemon [_thread_blocked, id=43, stack(0x00007f2040618000,0x00007f2040718000)]
  0x00007f205c0d7930 JavaThread "Common-Cleaner" daemon [_thread_blocked, id=46, stack(0x00007f2040518000,0x00007f2040618000)]
  0x00007f205c121530 JavaThread "Notification Thread" daemon [_thread_blocked, id=47, stack(0x00007f2040418000,0x00007f2040518000)]
  0x00007f205c304b10 JavaThread "Active Thread: Equinox Container: 4b19a8af-6db4-4cf8-a08e-c4950d601993" [_thread_blocked, id=56, stack(0x00007f2040100000,0x00007f2040200000)]
  0x00007f205c338370 JavaThread "Framework Event Dispatcher: Equinox Container: 4b19a8af-6db4-4cf8-a08e-c4950d601993" daemon [_thread_blocked, id=57, stack(0x00007f2008900000,0x00007f2008a00000)]
  0x00007f205c33a020 JavaThread "Start Level: Equinox Container: 4b19a8af-6db4-4cf8-a08e-c4950d601993" daemon [_thread_blocked, id=58, stack(0x00007f2008700000,0x00007f2008800000)]
  0x00007f205c37a270 JavaThread "Refresh Thread: Equinox Container: 4b19a8af-6db4-4cf8-a08e-c4950d601993" daemon [_thread_blocked, id=59, stack(0x00007f2008500000,0x00007f2008600000)]
  0x00007f1ff00171b0 JavaThread "SCR Component Actor" daemon [_thread_blocked, id=79, stack(0x00007f2008300000,0x00007f2008400000)]
  0x00007f1ff02a9460 JavaThread "Worker-JM" [_thread_blocked, id=85, stack(0x00007f2007f00000,0x00007f2008000000)]
  0x00007f1ff04b9670 JavaThread "Java indexing" daemon [_thread_blocked, id=110, stack(0x00007f2007900000,0x00007f2007a00000)]
  0x00007f1ff07172f0 JavaThread "Bundle File Closer" daemon [_thread_blocked, id=129, stack(0x00007f2007700000,0x00007f2007800000)]
  0x00007f205c40f9c0 JavaThread "pool-3-thread-1" [_thread_blocked, id=131, stack(0x00007f2008100000,0x00007f2008200000)]
  0x00007f1fd4000ff0 JavaThread "Worker-2: Java indexing... " [_thread_blocked, id=132, stack(0x00007f2007500000,0x00007f2007600000)]
  0x00007f205c4c3a60 JavaThread "pool-2-thread-1" [_thread_blocked, id=133, stack(0x00007f2007300000,0x00007f2007400000)]
  0x00007f1fd0001130 JavaThread "Worker-3: Refreshing workspace" [_thread_blocked, id=135, stack(0x00007f2007100000,0x00007f2007200000)]
  0x00007f1fc8002430 JavaThread "Worker-5" [_thread_blocked, id=188, stack(0x00007f2006d00000,0x00007f2006e00000)]
  0x00007f1fc41b4890 JavaThread "Thread-31" [_thread_blocked, id=511, stack(0x00007f2006700000,0x00007f2006800000)]
  0x00007f1fc41b8990 JavaThread "Thread-32" [_thread_blocked, id=539, stack(0x00007f2005900000,0x00007f2005a00000)]
  0x00007f1fc4115a40 JavaThread "Thread-34" [_thread_blocked, id=614, stack(0x00007f2005b00000,0x00007f2005c00000)]
  0x00007f1fe00010d0 JavaThread "Worker-6" [_thread_blocked, id=3668, stack(0x00007f2006500000,0x00007f2006600000)]

Other Threads:
  0x00007f205c0a1bf0 VMThread "VM Thread" [stack: 0x00007f2041300000,0x00007f2041400000] [id=35] _threads_hazard_ptr=0x00007f1fbc4e9390
  0x00007f205c122ed0 WatcherThread [stack: 0x00007f2040318000,0x00007f2040418000] [id=48]
  0x00007f205c03df10 GCTaskThread "GC Thread#0" [stack: 0x00007f20601d1000,0x00007f20602d1000] [id=34]

Threads with active compile tasks:
JVMCI-native CompilerThread0  1669413 9606       4       org.eclipse.jdt.internal.compiler.classfmt.MethodInfo::getMethodDescriptor (46 bytes)

VM state: synchronizing (normal execution)

VM Mutex/Monitor currently owned by a thread:  ([mutex/lock_event])
[0x00007f205c023820] Threads_lock - owner thread: 0x00007f205c0a1bf0
[0x00007f205c023fd0] Heap_lock - owner thread: 0x00007f1ff04b9670

OutOfMemory and StackOverflow Exception counts:
OutOfMemoryError java_heap_errors=11
LinkageErrors=67

Heap address: 0x00000000e0000000, size: 512 MB, Compressed Oops mode: 32-bit

CDS archive(s) mapped at: [0x0000000800000000-0x0000000800bc8000-0x0000000800bc8000), size 12353536, SharedBaseAddress: 0x0000000800000000, ArchiveRelocationMode: 0.
Compressed class space mapped at: 0x0000000800c00000-0x0000000840c00000, reserved size: 1073741824
Narrow klass base: 0x0000000800000000, Narrow klass shift: 0, Narrow klass range: 0x100000000

GC Precious Log:
 CPUs: 8 total, 1 available
 Memory: 1024M
 Large Page Support: Disabled
 NUMA Support: Disabled
 Compressed Oops: Enabled (32-bit)
 Alignments: Space 512K, Generation 512K, Heap 2M
 Heap Min Capacity: 100M
 Heap Initial Capacity: 100M
 Heap Max Capacity: 512M
 Pre-touch: Disabled
 Parallel Workers: 1

Heap:
 PSYoungGen      total 52736K, used 31744K [0x00000000f5580000, 0x00000000fa280000, 0x0000000100000000)
  eden space 31744K, 100% used [0x00000000f5580000,0x00000000f7480000,0x00000000f7480000)
  from space 20992K, 0% used [0x00000000f8e00000,0x00000000f8e00000,0x00000000fa280000)
  to   space 10240K, 0% used [0x00000000f7480000,0x00000000f7480000,0x00000000f7e80000)
 ParOldGen       total 349696K, used 349694K [0x00000000e0000000, 0x00000000f5580000, 0x00000000f5580000)
  object space 349696K, 99% used [0x00000000e0000000,0x00000000f557f910,0x00000000f5580000)
 Metaspace       used 61873K, committed 62976K, reserved 1105920K
  class space    used 6134K, committed 6656K, reserved 1048576K

Card table byte_map: [0x00007f20602d1000,0x00007f20603d2000] _byte_map_base: 0x00007f205fbd1000

Marking Bits: (ParMarkBitMap*) 0x00007f2061a214c0
 Begin Bits: [0x00007f20424b3000, 0x00007f2042cb3000)
 End Bits:   [0x00007f2042cb3000, 0x00007f20434b3000)

Polling page: 0x00007f20605eb000

Metaspace:

Usage:
  Non-class:     54.43 MB used.
      Class:      5.99 MB used.
       Both:     60.42 MB used.

Virtual space:
  Non-class space:       56.00 MB reserved,      55.00 MB ( 98%) committed,  7 nodes.
      Class space:        1.00 GB reserved,       6.50 MB ( <1%) committed,  1 nodes.
             Both:        1.05 GB reserved,      61.50 MB (  6%) committed. 

Chunk freelists:
   Non-Class:  742.00 KB
       Class:  1.59 MB
        Both:  2.31 MB

MaxMetaspaceSize: unlimited
CompressedClassSpaceSize: 1.00 GB
Initial GC threshold: 21.00 MB
Current GC threshold: 102.31 MB
CDS: on
MetaspaceReclaimPolicy: balanced
 - commit_granule_bytes: 65536.
 - commit_granule_words: 8192.
 - virtual_space_node_default_size: 1048576.
 - enlarge_chunks_in_place: 1.
 - new_chunks_are_fully_committed: 0.
 - uncommit_free_chunks: 1.
 - use_allocation_guard: 0.
 - handle_deallocations: 1.


Internal statistics:

num_allocs_failed_limit: 6.
num_arena_births: 514.
num_arena_deaths: 154.
num_vsnodes_births: 8.
num_vsnodes_deaths: 0.
num_space_committed: 983.
num_space_uncommitted: 0.
num_chunks_returned_to_freelist: 216.
num_chunks_taken_from_freelist: 2975.
num_chunk_merges: 86.
num_chunk_splits: 1920.
num_chunks_enlarged: 1191.
num_purges: 6.
num_inconsistent_stats: 0.

CodeHeap 'non-profiled nmethods': size=120036Kb used=2675Kb max_used=2675Kb free=117361Kb
 bounds [0x00007f204af7a000, 0x00007f204b21a000, 0x00007f20524b3000]
CodeHeap 'profiled nmethods': size=120032Kb used=16728Kb max_used=16728Kb free=103304Kb
 bounds [0x00007f2043a42000, 0x00007f2044aa2000, 0x00007f204af7a000]
CodeHeap 'non-nmethods': size=5692Kb used=1418Kb max_used=1423Kb free=4273Kb
 bounds [0x00007f20434b3000, 0x00007f2043723000, 0x00007f2043a42000]
 total_blobs=8171 nmethods=7411 adapters=636
 compilation: enabled
              stopped_count=0, restarted_count=0
 full_count=0

JVMCI Events (20 events):
Event: 1392.555 Thread 0x00007f205c0b21b0 compacted oop handles in JVMCI runtime 0 from 61 to 61
Event: 1392.555 Thread 0x00007f205c0b21b0 releasing handles for JVMCI runtime 0: oop handles=61, metadata handles={total=102, live=100, blocks=34}
Event: 1392.555 Thread 0x00007f205c0b21b0 detached from JVMCI runtime 0
Event: 1501.435 Thread 0x00007f205c0b21b0 attached to JVMCI runtime 0
Event: 1501.437 Thread 0x00007f205c0b21b0 created JavaVM[12]@0x00007f2004e9e340 for JVMCI runtime 0
Event: 1501.437 Thread 0x00007f205c0b21b0 initializing JVMCI runtime 0
Event: 1501.437 Thread 0x00007f205c0b21b0 done waiting for JavaVM references initialization in JVMCI runtime 0
Event: 1561.722 Thread 0x00007f205c0b21b0 initialized JVMCI runtime 0
Event: 1582.810 Thread 0x00007f205c0b21b0 compacted oop handles in JVMCI runtime 0 from 63 to 62
Event: 1584.341 Thread 0x00007f205c0b21b0 detaching from JVMCI runtime 0: releasing idle compiler thread (0 other threads still attached)
Event: 1584.341 Thread 0x00007f205c0b21b0 shutting down HotSpotJVMCIRuntime for JVMCI runtime 0
Event: 1585.844 Thread 0x00007f205c0b21b0 shut down JVMCI runtime 0
Event: 1587.444 Thread 0x00007f205c0b21b0 destroyed JavaVM[12]@0x00007f2004e9e340 for JVMCI runtime 0
Event: 1587.444 Thread 0x00007f205c0b21b0 compacted oop handles in JVMCI runtime 0 from 62 to 62
Event: 1587.444 Thread 0x00007f205c0b21b0 releasing handles for JVMCI runtime 0: oop handles=62, metadata handles={total=121, live=113, blocks=34}
Event: 1587.444 Thread 0x00007f205c0b21b0 detached from JVMCI runtime 0
Event: 1654.271 Thread 0x00007f205c0b21b0 attached to JVMCI runtime 0
Event: 1654.274 Thread 0x00007f205c0b21b0 created JavaVM[13]@0x00007f2004e9e340 for JVMCI runtime 0
Event: 1654.274 Thread 0x00007f205c0b21b0 initializing JVMCI runtime 0
Event: 1654.274 Thread 0x00007f205c0b21b0 done waiting for JavaVM references initialization in JVMCI runtime 0

Compilation events (20 events):
Event: 1544.530 Thread 0x00007f205c0b36c0 9598       3       com.google.gson.internal.bind.TypeAdapters$7::write (10 bytes)
Event: 1544.531 Thread 0x00007f205c0b36c0 nmethod 9598 0x00007f2044a92b90 code [0x00007f2044a92d40, 0x00007f2044a93140]
Event: 1544.531 Thread 0x00007f205c0b36c0 9599       3       com.google.gson.internal.bind.TypeAdapters$7::write (7 bytes)
Event: 1544.531 Thread 0x00007f205c0b36c0 nmethod 9599 0x00007f204453f290 code [0x00007f204453f440, 0x00007f204453f580]
Event: 1563.047 Thread 0x00007f205c0b21b0 nmethod 9595 0x00007f204b214610 code [0x00007f204b2147a0, 0x00007f204b214890]
Event: 1563.048 Thread 0x00007f205c0b21b0 9596       4       java.io.DataOutputStream::writeUTF (411 bytes)
Event: 1566.137 Thread 0x00007f205c0b36c0 9600       1       org.eclipse.core.internal.content.ContentTypeMatcher::getContext (5 bytes)
Event: 1567.622 Thread 0x00007f205c0b36c0 nmethod 9600 0x00007f204b214990 code [0x00007f204b214b20, 0x00007f204b214bf0]
Event: 1570.413 Thread 0x00007f205c0b36c0 9601       3       java.util.concurrent.ScheduledThreadPoolExecutor$ScheduledFutureTask::getDelay (16 bytes)
Event: 1570.414 Thread 0x00007f205c0b36c0 nmethod 9601 0x00007f2044a93290 code [0x00007f2044a93440, 0x00007f2044a935c0]
Event: 1578.428 Thread 0x00007f205c0b36c0 9602       3       org.eclipse.core.internal.content.FileSpec::getBasicType (5 bytes)
Event: 1578.428 Thread 0x00007f205c0b36c0 nmethod 9602 0x00007f2044883c10 code [0x00007f2044883da0, 0x00007f2044883e90]
Event: 1582.810 Thread 0x00007f205c0b21b0 nmethod 9596 0x00007f204b214c90 code [0x00007f204b214ee0, 0x00007f204b2160c0]
Event: 1590.517 Thread 0x00007f205c0b36c0 9603       3       org.eclipse.jdt.internal.core.ClassFileInfo::generateFieldInfos (143 bytes)
Event: 1592.153 Thread 0x00007f205c0b36c0 nmethod 9603 0x00007f2044a93690 code [0x00007f2044a939a0, 0x00007f2044a95d10]
Event: 1654.271 Thread 0x00007f205c0b21b0 9606       4       org.eclipse.jdt.internal.compiler.classfmt.MethodInfo::getMethodDescriptor (46 bytes)
Event: 1654.271 Thread 0x00007f205c0b36c0 9604       3       org.eclipse.jdt.internal.core.ClassFileInfo::generateRecordComponentInfos (119 bytes)
Event: 1654.274 Thread 0x00007f205c0b36c0 nmethod 9604 0x00007f2044a96610 code [0x00007f2044a968c0, 0x00007f2044a97e60]
Event: 1654.274 Thread 0x00007f205c0b36c0 9605       1       org.eclipse.jdt.internal.compiler.classfmt.ClassFileReader::getRecordComponents (5 bytes)
Event: 1654.274 Thread 0x00007f205c0b36c0 nmethod 9605 0x00007f204b216910 code [0x00007f204b216aa0, 0x00007f204b216b70]

GC Heap History (20 events):
Event: 1641.436 GC heap before
{Heap before GC invocations=1139 (full 1058):
 PSYoungGen      total 52736K, used 31743K [0x00000000f5580000, 0x00000000fa280000, 0x0000000100000000)
  eden space 31744K, 99% used [0x00000000f5580000,0x00000000f747fff0,0x00000000f7480000)
  from space 20992K, 0% used [0x00000000f8e00000,0x00000000f8e00000,0x00000000fa280000)
  to   space 10240K, 0% used [0x00000000f7480000,0x00000000f7480000,0x00000000f7e80000)
 ParOldGen       total 349696K, used 349689K [0x00000000e0000000, 0x00000000f5580000, 0x00000000f5580000)
  object space 349696K, 99% used [0x00000000e0000000,0x00000000f557e540,0x00000000f5580000)
 Metaspace       used 61870K, committed 62976K, reserved 1105920K
  class space    used 6134K, committed 6656K, reserved 1048576K
}
Event: 1644.822 GC heap after
{Heap after GC invocations=1139 (full 1058):
 PSYoungGen      total 41984K, used 31743K [0x00000000f5580000, 0x00000000fa280000, 0x0000000100000000)
  eden space 31744K, 99% used [0x00000000f5580000,0x00000000f747fea0,0x00000000f7480000)
  from space 10240K, 0% used [0x00000000f7480000,0x00000000f7480000,0x00000000f7e80000)
  to   space 20992K, 0% used [0x00000000f8e00000,0x00000000f8e00000,0x00000000fa280000)
 ParOldGen       total 349696K, used 349689K [0x00000000e0000000, 0x00000000f5580000, 0x00000000f5580000)
  object space 349696K, 99% used [0x00000000e0000000,0x00000000f557e4b0,0x00000000f5580000)
 Metaspace       used 61870K, committed 62976K, reserved 1105920K
  class space    used 6134K, committed 6656K, reserved 1048576K
}
Event: 1644.857 GC heap before
{Heap before GC invocations=1140 (full 1059):
 PSYoungGen      total 41984K, used 31744K [0x00000000f5580000, 0x00000000fa280000, 0x0000000100000000)
  eden space 31744K, 100% used [0x00000000f5580000,0x00000000f7480000,0x00000000f7480000)
  from space 10240K, 0% used [0x00000000f7480000,0x00000000f7480000,0x00000000f7e80000)
  to   space 20992K, 0% used [0x00000000f8e00000,0x00000000f8e00000,0x00000000fa280000)
 ParOldGen       total 349696K, used 349689K [0x00000000e0000000, 0x00000000f5580000, 0x00000000f5580000)
  object space 349696K, 99% used [0x00000000e0000000,0x00000000f557e4b0,0x00000000f5580000)
 Metaspace       used 61870K, committed 62976K, reserved 1105920K
  class space    used 6134K, committed 6656K, reserved 1048576K
}
Event: 1649.085 GC heap after
{Heap after GC invocations=1140 (full 1059):
 PSYoungGen      total 52736K, used 31743K [0x00000000f5580000, 0x00000000fa280000, 0x0000000100000000)
  eden space 31744K, 99% used [0x00000000f5580000,0x00000000f747ff60,0x00000000f7480000)
  from space 20992K, 0% used [0x00000000f8e00000,0x00000000f8e00000,0x00000000fa280000)
  to   space 10240K, 0% used [0x00000000f7480000,0x00000000f7480000,0x00000000f7e80000)
 ParOldGen       total 349696K, used 349689K [0x00000000e0000000, 0x00000000f5580000, 0x00000000f5580000)
  object space 349696K, 99% used [0x00000000e0000000,0x00000000f557e4b0,0x00000000f5580000)
 Metaspace       used 61870K, committed 62976K, reserved 1105920K
  class space    used 6134K, committed 6656K, reserved 1048576K
}
Event: 1649.095 GC heap before
{Heap before GC invocations=1141 (full 1060):
 PSYoungGen      total 52736K, used 31743K [0x00000000f5580000, 0x00000000fa280000, 0x0000000100000000)
  eden space 31744K, 99% used [0x00000000f5580000,0x00000000f747fff0,0x00000000f7480000)
  from space 20992K, 0% used [0x00000000f8e00000,0x00000000f8e00000,0x00000000fa280000)
  to   space 10240K, 0% used [0x00000000f7480000,0x00000000f7480000,0x00000000f7e80000)
 ParOldGen       total 349696K, used 349689K [0x00000000e0000000, 0x00000000f5580000, 0x00000000f5580000)
  object space 349696K, 99% used [0x00000000e0000000,0x00000000f557e4b0,0x00000000f5580000)
 Metaspace       used 61870K, committed 62976K, reserved 1105920K
  class space    used 6134K, committed 6656K, reserved 1048576K
}
Event: 1652.223 GC heap after
{Heap after GC invocations=1141 (full 1060):
 PSYoungGen      total 41984K, used 31743K [0x00000000f5580000, 0x00000000fa280000, 0x0000000100000000)
  eden space 31744K, 99% used [0x00000000f5580000,0x00000000f747ffd0,0x00000000f7480000)
  from space 10240K, 0% used [0x00000000f7480000,0x00000000f7480000,0x00000000f7e80000)
  to   space 20992K, 0% used [0x00000000f8e00000,0x00000000f8e00000,0x00000000fa280000)
 ParOldGen       total 349696K, used 349689K [0x00000000e0000000, 0x00000000f5580000, 0x00000000f5580000)
  object space 349696K, 99% used [0x00000000e0000000,0x00000000f557e4b0,0x00000000f5580000)
 Metaspace       used 61870K, committed 62976K, reserved 1105920K
  class space    used 6134K, committed 6656K, reserved 1048576K
}
Event: 1652.228 GC heap before
{Heap before GC invocations=1142 (full 1061):
 PSYoungGen      total 41984K, used 31743K [0x00000000f5580000, 0x00000000fa280000, 0x0000000100000000)
  eden space 31744K, 99% used [0x00000000f5580000,0x00000000f747fff8,0x00000000f7480000)
  from space 10240K, 0% used [0x00000000f7480000,0x00000000f7480000,0x00000000f7e80000)
  to   space 20992K, 0% used [0x00000000f8e00000,0x00000000f8e00000,0x00000000fa280000)
 ParOldGen       total 349696K, used 349689K [0x00000000e0000000, 0x00000000f5580000, 0x00000000f5580000)
  object space 349696K, 99% used [0x00000000e0000000,0x00000000f557e4b0,0x00000000f5580000)
 Metaspace       used 61870K, committed 62976K, reserved 1105920K
  class space    used 6134K, committed 6656K, reserved 1048576K
}
Event: 1654.270 GC heap after
{Heap after GC invocations=1142 (full 1061):
 PSYoungGen      total 52736K, used 31743K [0x00000000f5580000, 0x00000000fa280000, 0x0000000100000000)
  eden space 31744K, 99% used [0x00000000f5580000,0x00000000f747fff8,0x00000000f7480000)
  from space 20992K, 0% used [0x00000000f8e00000,0x00000000f8e00000,0x00000000fa280000)
  to   space 10240K, 0% used [0x00000000f7480000,0x00000000f7480000,0x00000000f7e80000)
 ParOldGen       total 349696K, used 349689K [0x00000000e0000000, 0x00000000f5580000, 0x00000000f5580000)
  object space 349696K, 99% used [0x00000000e0000000,0x00000000f557e4b0,0x00000000f5580000)
 Metaspace       used 61870K, committed 62976K, reserved 1105920K
  class space    used 6134K, committed 6656K, reserved 1048576K
}
Event: 1654.274 GC heap before
{Heap before GC invocations=1143 (full 1062):
 PSYoungGen      total 52736K, used 31743K [0x00000000f5580000, 0x00000000fa280000, 0x0000000100000000)
  eden space 31744K, 99% used [0x00000000f5580000,0x00000000f747fff8,0x00000000f7480000)
  from space 20992K, 0% used [0x00000000f8e00000,0x00000000f8e00000,0x00000000fa280000)
  to   space 10240K, 0% used [0x00000000f7480000,0x00000000f7480000,0x00000000f7e80000)
 ParOldGen       total 349696K, used 349692K [0x00000000e0000000, 0x00000000f5580000, 0x00000000f5580000)
  object space 349696K, 99% used [0x00000000e0000000,0x00000000f557f0e0,0x00000000f5580000)
 Metaspace       used 61873K, committed 62976K, reserved 1105920K
  class space    used 6134K, committed 6656K, reserved 1048576K
}
Event: 1655.817 GC heap after
{Heap after GC invocations=1143 (full 1062):
 PSYoungGen      total 41984K, used 31743K [0x00000000f5580000, 0x00000000fa280000, 0x0000000100000000)
  eden space 31744K, 99% used [0x00000000f5580000,0x00000000f747fd20,0x00000000f7480000)
  from space 10240K, 0% used [0x00000000f7480000,0x00000000f7480000,0x00000000f7e80000)
  to   space 20992K, 0% used [0x00000000f8e00000,0x00000000f8e00000,0x00000000fa280000)
 ParOldGen       total 349696K, used 349690K [0x00000000e0000000, 0x00000000f5580000, 0x00000000f5580000)
  object space 349696K, 99% used [0x00000000e0000000,0x00000000f557e908,0x00000000f5580000)
 Metaspace       used 61873K, committed 62976K, reserved 1105920K
  class space    used 6134K, committed 6656K, reserved 1048576K
}
Event: 1655.824 GC heap before
{Heap before GC invocations=1144 (full 1063):
 PSYoungGen      total 41984K, used 31743K [0x00000000f5580000, 0x00000000fa280000, 0x0000000100000000)
  eden space 31744K, 99% used [0x00000000f5580000,0x00000000f747ffe8,0x00000000f7480000)
  from space 10240K, 0% used [0x00000000f7480000,0x00000000f7480000,0x00000000f7e80000)
  to   space 20992K, 0% used [0x00000000f8e00000,0x00000000f8e00000,0x00000000fa280000)
 ParOldGen       total 349696K, used 349690K [0x00000000e0000000, 0x00000000f5580000, 0x00000000f5580000)
  object space 349696K, 99% used [0x00000000e0000000,0x00000000f557e908,0x00000000f5580000)
 Metaspace       used 61873K, committed 62976K, reserved 1105920K
  class space    used 6134K, committed 6656K, reserved 1048576K
}
Event: 1658.065 GC heap after
{Heap after GC invocations=1144 (full 1063):
 PSYoungGen      total 52736K, used 31743K [0x00000000f5580000, 0x00000000fa280000, 0x0000000100000000)
  eden space 31744K, 99% used [0x00000000f5580000,0x00000000f747ff08,0x00000000f7480000)
  from space 20992K, 0% used [0x00000000f8e00000,0x00000000f8e00000,0x00000000fa280000)
  to   space 10240K, 0% used [0x00000000f7480000,0x00000000f7480000,0x00000000f7e80000)
 ParOldGen       total 349696K, used 349690K [0x00000000e0000000, 0x00000000f5580000, 0x00000000f5580000)
  object space 349696K, 99% used [0x00000000e0000000,0x00000000f557e908,0x00000000f5580000)
 Metaspace       used 61873K, committed 62976K, reserved 1105920K
  class space    used 6134K, committed 6656K, reserved 1048576K
}
Event: 1658.066 GC heap before
{Heap before GC invocations=1145 (full 1064):
 PSYoungGen      total 52736K, used 31743K [0x00000000f5580000, 0x00000000fa280000, 0x0000000100000000)
  eden space 31744K, 99% used [0x00000000f5580000,0x00000000f747fff8,0x00000000f7480000)
  from space 20992K, 0% used [0x00000000f8e00000,0x00000000f8e00000,0x00000000fa280000)
  to   space 10240K, 0% used [0x00000000f7480000,0x00000000f7480000,0x00000000f7e80000)
 ParOldGen       total 349696K, used 349690K [0x00000000e0000000, 0x00000000f5580000, 0x00000000f5580000)
  object space 349696K, 99% used [0x00000000e0000000,0x00000000f557e908,0x00000000f5580000)
 Metaspace       used 61873K, committed 62976K, reserved 1105920K
  class space    used 6134K, committed 6656K, reserved 1048576K
}
Event: 1659.441 GC heap after
{Heap after GC invocations=1145 (full 1064):
 PSYoungGen      total 41984K, used 31743K [0x00000000f5580000, 0x00000000fa280000, 0x0000000100000000)
  eden space 31744K, 99% used [0x00000000f5580000,0x00000000f747ffe8,0x00000000f7480000)
  from space 10240K, 0% used [0x00000000f7480000,0x00000000f7480000,0x00000000f7e80000)
  to   space 20992K, 0% used [0x00000000f8e00000,0x00000000f8e00000,0x00000000fa280000)
 ParOldGen       total 349696K, used 349690K [0x00000000e0000000, 0x00000000f5580000, 0x00000000f5580000)
  object space 349696K, 99% used [0x00000000e0000000,0x00000000f557e908,0x00000000f5580000)
 Metaspace       used 61873K, committed 62976K, reserved 1105920K
  class space    used 6134K, committed 6656K, reserved 1048576K
}
Event: 1659.441 GC heap before
{Heap before GC invocations=1146 (full 1065):
 PSYoungGen      total 41984K, used 31744K [0x00000000f5580000, 0x00000000fa280000, 0x0000000100000000)
  eden space 31744K, 100% used [0x00000000f5580000,0x00000000f7480000,0x00000000f7480000)
  from space 10240K, 0% used [0x00000000f7480000,0x00000000f7480000,0x00000000f7e80000)
  to   space 20992K, 0% used [0x00000000f8e00000,0x00000000f8e00000,0x00000000fa280000)
 ParOldGen       total 349696K, used 349694K [0x00000000e0000000, 0x00000000f5580000, 0x00000000f5580000)
  object space 349696K, 99% used [0x00000000e0000000,0x00000000f557f8c8,0x00000000f5580000)
 Metaspace       used 61873K, committed 62976K, reserved 1105920K
  class space    used 6134K, committed 6656K, reserved 1048576K
}
Event: 1661.353 GC heap after
{Heap after GC invocations=1146 (full 1065):
 PSYoungGen      total 52736K, used 31743K [0x00000000f5580000, 0x00000000fa280000, 0x0000000100000000)
  eden space 31744K, 99% used [0x00000000f5580000,0x00000000f747ffe8,0x00000000f7480000)
  from space 20992K, 0% used [0x00000000f8e00000,0x00000000f8e00000,0x00000000fa280000)
  to   space 10240K, 0% used [0x00000000f7480000,0x00000000f7480000,0x00000000f7e80000)
 ParOldGen       total 349696K, used 349693K [0x00000000e0000000, 0x00000000f5580000, 0x00000000f5580000)
  object space 349696K, 99% used [0x00000000e0000000,0x00000000f557f540,0x00000000f5580000)
 Metaspace       used 61873K, committed 62976K, reserved 1105920K
  class space    used 6134K, committed 6656K, reserved 1048576K
}
Event: 1661.357 GC heap before
{Heap before GC invocations=1147 (full 1066):
 PSYoungGen      total 52736K, used 31743K [0x00000000f5580000, 0x00000000fa280000, 0x0000000100000000)
  eden space 31744K, 99% used [0x00000000f5580000,0x00000000f747fff8,0x00000000f7480000)
  from space 20992K, 0% used [0x00000000f8e00000,0x00000000f8e00000,0x00000000fa280000)
  to   space 10240K, 0% used [0x00000000f7480000,0x00000000f7480000,0x00000000f7e80000)
 ParOldGen       total 349696K, used 349695K [0x00000000e0000000, 0x00000000f5580000, 0x00000000f5580000)
  object space 349696K, 99% used [0x00000000e0000000,0x00000000f557fd18,0x00000000f5580000)
 Metaspace       used 61873K, committed 62976K, reserved 1105920K
  class space    used 6134K, committed 6656K, reserved 1048576K
}
Event: 1665.430 GC heap after
{Heap after GC invocations=1147 (full 1066):
 PSYoungGen      total 41984K, used 31743K [0x00000000f5580000, 0x00000000fa280000, 0x0000000100000000)
  eden space 31744K, 99% used [0x00000000f5580000,0x00000000f747ffe8,0x00000000f7480000)
  from space 10240K, 0% used [0x00000000f7480000,0x00000000f7480000,0x00000000f7e80000)
  to   space 20992K, 0% used [0x00000000f8e00000,0x00000000f8e00000,0x00000000fa280000)
 ParOldGen       total 349696K, used 349694K [0x00000000e0000000, 0x00000000f5580000, 0x00000000f5580000)
  object space 349696K, 99% used [0x00000000e0000000,0x00000000f557f848,0x00000000f5580000)
 Metaspace       used 61873K, committed 62976K, reserved 1105920K
  class space    used 6134K, committed 6656K, reserved 1048576K
}
Event: 1665.430 GC heap before
{Heap before GC invocations=1148 (full 1067):
 PSYoungGen      total 41984K, used 31743K [0x00000000f5580000, 0x00000000fa280000, 0x0000000100000000)
  eden space 31744K, 99% used [0x00000000f5580000,0x00000000f747ffe8,0x00000000f7480000)
  from space 10240K, 0% used [0x00000000f7480000,0x00000000f7480000,0x00000000f7e80000)
  to   space 20992K, 0% used [0x00000000f8e00000,0x00000000f8e00000,0x00000000fa280000)
 ParOldGen       total 349696K, used 349694K [0x00000000e0000000, 0x00000000f5580000, 0x00000000f5580000)
  object space 349696K, 99% used [0x00000000e0000000,0x00000000f557f848,0x00000000f5580000)
 Metaspace       used 61873K, committed 62976K, reserved 1105920K
  class space    used 6134K, committed 6656K, reserved 1048576K
}
Event: 1669.124 GC heap after
{Heap after GC invocations=1148 (full 1067):
 PSYoungGen      total 52736K, used 31743K [0x00000000f5580000, 0x00000000fa280000, 0x0000000100000000)
  eden space 31744K, 99% used [0x00000000f5580000,0x00000000f747ffe8,0x00000000f7480000)
  from space 20992K, 0% used [0x00000000f8e00000,0x00000000f8e00000,0x00000000fa280000)
  to   space 10240K, 0% used [0x00000000f7480000,0x00000000f7480000,0x00000000f7e80000)
 ParOldGen       total 349696K, used 349694K [0x00000000e0000000, 0x00000000f5580000, 0x00000000f5580000)
  object space 349696K, 99% used [0x00000000e0000000,0x00000000f557f848,0x00000000f5580000)
 Metaspace       used 61873K, committed 62976K, reserved 1105920K
  class space    used 6134K, committed 6656K, reserved 1048576K
}

Dll operation events (9 events):
Event: 0.002 Loaded shared library /nix/store/gpxl5qgg8kicmcvivwmybwjlpf7wh20l-graalvm17-ce-22.3.0/lib/libjava.so
Event: 0.015 Loaded shared library /nix/store/gpxl5qgg8kicmcvivwmybwjlpf7wh20l-graalvm17-ce-22.3.0/lib/libjsvml.so
Event: 0.441 Loaded shared library /nix/store/gpxl5qgg8kicmcvivwmybwjlpf7wh20l-graalvm17-ce-22.3.0/lib/libnio.so
Event: 0.445 Loaded shared library /nix/store/gpxl5qgg8kicmcvivwmybwjlpf7wh20l-graalvm17-ce-22.3.0/lib/libzip.so
Event: 0.448 Loaded shared library /nix/store/gpxl5qgg8kicmcvivwmybwjlpf7wh20l-graalvm17-ce-22.3.0/lib/libjvmcicompiler.so
Event: 0.826 Loaded shared library /nix/store/gpxl5qgg8kicmcvivwmybwjlpf7wh20l-graalvm17-ce-22.3.0/lib/libjimage.so
Event: 1.379 Loaded shared library /nix/store/gpxl5qgg8kicmcvivwmybwjlpf7wh20l-graalvm17-ce-22.3.0/lib/libnet.so
Event: 4.514 Loaded shared library /home/runner/.cache/jdt-language-server/config/org.eclipse.equinox.launcher/org.eclipse.equinox.launcher.gtk.linux.x86_64_1.2.400.v20211117-0650/eclipse_11600.so
Event: 16.938 Loaded shared library /nix/store/gpxl5qgg8kicmcvivwmybwjlpf7wh20l-graalvm17-ce-22.3.0/lib/libextnet.so

Deoptimization events (20 events):
Event: 114.460 Thread 0x00007f1fc8000ff0 DEOPT PACKING pc=0x00007f20449ac7dd sp=0x00007f2006ffd310
Event: 114.460 Thread 0x00007f1fc8000ff0 DEOPT UNPACKING pc=0x00007f2043505325 sp=0x00007f2006ffc7b8 mode 0
Event: 408.875 Thread 0x00007f1fc41b3780 DEOPT PACKING pc=0x00007f20449ac7dd sp=0x00007f20065fd8b0
Event: 408.875 Thread 0x00007f1fc41b3780 DEOPT UNPACKING pc=0x00007f2043505325 sp=0x00007f20065fcd58 mode 0
Event: 622.332 Thread 0x00007f205c0b21b0 Uncommon trap: trap_request=0xffffffcd fr.pc=0x00007f204b205faf relative=0x0000000000000caf
Event: 622.332 Thread 0x00007f205c0b21b0 Uncommon trap: reason=intrinsic_or_type_checked_inlining action=reinterpret pc=0x00007f204b205faf method=java.io.DataOutputStream.write([BII)V @ 0 jvmci
Event: 622.332 Thread 0x00007f205c0b21b0 DEOPT PACKING pc=0x00007f204b205faf sp=0x00007f2040b15fa0
Event: 622.332 Thread 0x00007f205c0b21b0 DEOPT UNPACKING pc=0x00007f2043505325 sp=0x00007f2040b153d0 mode 3
Event: 1222.756 Thread 0x00007f1fc8000ff0 Uncommon trap: trap_request=0xffffff8f fr.pc=0x00007f204b20b493 relative=0x0000000000000d13
Event: 1222.756 Thread 0x00007f1fc8000ff0 Uncommon trap: reason=constraint action=none pc=0x00007f204b20b493 method=org.eclipse.jdt.core.compiler.CharOperation.splitOn(C[CII)[[C @ 129 jvmci
Event: 1222.756 Thread 0x00007f1fc8000ff0 DEOPT PACKING pc=0x00007f204b20b493 sp=0x00007f2006ffd1c0
Event: 1222.756 Thread 0x00007f1fc8000ff0 DEOPT UNPACKING pc=0x00007f2043505325 sp=0x00007f2006ffc5b8 mode 3
Event: 1296.714 Thread 0x00007f1ff04b9670 Uncommon trap: trap_request=0xffffff8f fr.pc=0x00007f204b1de5b7 relative=0x00000000000011f7
Event: 1296.714 Thread 0x00007f1ff04b9670 Uncommon trap: reason=constraint action=none pc=0x00007f204b1de5b7 method=org.eclipse.jdt.internal.core.index.DiskIndex.copyQueryResults(Lorg/eclipse/jdt/internal/compiler/util/HashtableOfObject;I)V @ 123 jvmci
Event: 1296.714 Thread 0x00007f1ff04b9670 DEOPT PACKING pc=0x00007f204b1de5b7 sp=0x00007f20079fe530
Event: 1296.714 Thread 0x00007f1ff04b9670 DEOPT UNPACKING pc=0x00007f2043505325 sp=0x00007f20079fda28 mode 3
Event: 1409.431 Thread 0x00007f1fc8002430 Uncommon trap: trap_request=0xffffffed fr.pc=0x00007f204b213613 relative=0x0000000000000173
Event: 1409.431 Thread 0x00007f1fc8002430 Uncommon trap: reason=null_assert_or_unreached0 action=reinterpret pc=0x00007f204b213613 method=org.eclipse.core.internal.resources.Resource.equals(Ljava/lang/Object;)Z @ 0 jvmci
Event: 1409.431 Thread 0x00007f1fc8002430 DEOPT PACKING pc=0x00007f204b213613 sp=0x00007f2006dfe2f0
Event: 1409.431 Thread 0x00007f1fc8002430 DEOPT UNPACKING pc=0x00007f2043505325 sp=0x00007f2006dfd790 mode 3

Classes unloaded (20 events):
Event: 93.830 Thread 0x00007f205c0a1bf0 Unloading class 0x0000000800d99000 'java/lang/invoke/LambdaForm$MH+0x0000000800d99000'
Event: 93.830 Thread 0x00007f205c0a1bf0 Unloading class 0x0000000800d98c00 'java/lang/invoke/LambdaForm$MH+0x0000000800d98c00'
Event: 93.830 Thread 0x00007f205c0a1bf0 Unloading class 0x0000000800d98800 'java/lang/invoke/LambdaForm$MH+0x0000000800d98800'
Event: 93.830 Thread 0x00007f205c0a1bf0 Unloading class 0x0000000800d98400 'java/lang/invoke/LambdaForm$MH+0x0000000800d98400'
Event: 93.830 Thread 0x00007f205c0a1bf0 Unloading class 0x0000000800d98000 'jdk/internal/reflect/GeneratedConstructorAccessor3'
Event: 93.830 Thread 0x00007f205c0a1bf0 Unloading class 0x0000000800d06800 'java/lang/invoke/LambdaForm$MH+0x0000000800d06800'
Event: 93.830 Thread 0x00007f205c0a1bf0 Unloading class 0x0000000800d06000 'java/lang/invoke/LambdaForm$MH+0x0000000800d06000'
Event: 93.830 Thread 0x00007f205c0a1bf0 Unloading class 0x0000000800d05c00 'java/lang/invoke/LambdaForm$MH+0x0000000800d05c00'
Event: 93.830 Thread 0x00007f205c0a1bf0 Unloading class 0x0000000800d05800 'java/lang/invoke/LambdaForm$MH+0x0000000800d05800'
Event: 93.830 Thread 0x00007f205c0a1bf0 Unloading class 0x0000000800d05000 'java/lang/invoke/LambdaForm$MH+0x0000000800d05000'
Event: 93.830 Thread 0x00007f205c0a1bf0 Unloading class 0x0000000800d04c00 'java/lang/invoke/LambdaForm$MH+0x0000000800d04c00'
Event: 93.830 Thread 0x00007f205c0a1bf0 Unloading class 0x0000000800d04800 'java/lang/invoke/LambdaForm$MH+0x0000000800d04800'
Event: 93.830 Thread 0x00007f205c0a1bf0 Unloading class 0x0000000800d04000 'java/lang/invoke/LambdaForm$MH+0x0000000800d04000'
Event: 93.830 Thread 0x00007f205c0a1bf0 Unloading class 0x0000000800c1d000 'jdk/internal/reflect/GeneratedMethodAccessor5'
Event: 93.830 Thread 0x00007f205c0a1bf0 Unloading class 0x0000000800c1cc00 'jdk/internal/reflect/GeneratedMethodAccessor4'
Event: 93.830 Thread 0x00007f205c0a1bf0 Unloading class 0x0000000800c1c800 'jdk/internal/reflect/GeneratedMethodAccessor3'
Event: 93.830 Thread 0x00007f205c0a1bf0 Unloading class 0x0000000800c1c400 'jdk/internal/reflect/GeneratedMethodAccessor2'
Event: 93.830 Thread 0x00007f205c0a1bf0 Unloading class 0x0000000800c1c000 'jdk/internal/reflect/GeneratedMethodAccessor1'
Event: 93.830 Thread 0x00007f205c0a1bf0 Unloading class 0x0000000800c01c00 'java/lang/invoke/LambdaForm$DMH+0x0000000800c01c00'
Event: 276.633 Thread 0x00007f205c0a1bf0 Unloading class 0x000000080113c800 'jdk/internal/reflect/GeneratedConstructorAccessor45'

Classes redefined (0 events):
No events

Internal exceptions (20 events):
Event: 56.217 Thread 0x00007f1fc41aff00 Exception <a 'java/lang/NoSuchMethodError'{0x00000000f6c354c8}: 'void java.lang.invoke.DirectMethodHandle$Holder.invokeSpecial(java.lang.Object, java.lang.Object, int)'> (0x00000000f6c354c8) 
thrown [src/hotspot/share/interpreter/linkResolver.cpp, line 758]
Event: 56.217 Thread 0x00007f1fc4113440 Exception <a 'java/lang/NoSuchMethodError'{0x00000000f6c447f0}: 'void java.lang.invoke.DirectMethodHandle$Holder.invokeSpecial(java.lang.Object, java.lang.Object, int)'> (0x00000000f6c447f0) 
thrown [src/hotspot/share/interpreter/linkResolver.cpp, line 758]
Event: 57.624 Thread 0x00007f1fc4113440 Exception <a 'java/lang/NoSuchMethodError'{0x00000000f70ca050}: 'int java.lang.invoke.DirectMethodHandle$Holder.invokeSpecialIFC(java.lang.Object, java.lang.Object, java.lang.Object, java.lang.Object)'> (0x00000000f70ca050) 
thrown [src/hotspot/share/interpreter/linkResolver.cpp, line 758]
Event: 66.229 Thread 0x00007f1fc4113440 Exception <a 'java/lang/ArrayIndexOutOfBoundsException'{0x00000000f5fe7098}: Index 781 out of bounds for length 781> (0x00000000f5fe7098) 
thrown [src/hotspot/share/interpreter/interpreterRuntime.cpp, line 428]
Event: 66.420 Thread 0x00007f1fc4113440 Exception <a 'java/lang/ArrayIndexOutOfBoundsException'{0x00000000f69c5a90}: Index 781 out of bounds for length 781> (0x00000000f69c5a90) 
thrown [src/hotspot/share/interpreter/interpreterRuntime.cpp, line 428]
Event: 69.030 Thread 0x00007f1fc4113440 Exception <a 'java/lang/ArrayIndexOutOfBoundsException'{0x00000000f579ad20}: Index 784 out of bounds for length 784> (0x00000000f579ad20) 
thrown [src/hotspot/share/interpreter/interpreterRuntime.cpp, line 428]
Event: 112.150 Thread 0x00007f1fc41b4890 Exception <a 'java/io/FileNotFoundException'{0x00000000f7420900}> (0x00000000f7420900) 
thrown [src/hotspot/share/prims/jni.cpp, line 516]
Event: 919.259 Thread 0x00007f1fc41b3780 Exception <a 'java/lang/OutOfMemoryError'{0x00000000e0003e90}> (0x00000000e0003e90) 
thrown [src/hotspot/share/gc/shared/memAllocator.cpp, line 136]
Event: 1222.756 Thread 0x00007f1fc8000ff0 Exception <a 'java/lang/OutOfMemoryError'{0x00000000e0004430}> (0x00000000e0004430) 
thrown [src/hotspot/share/gc/shared/memAllocator.cpp, line 138]
Event: 1222.756 Thread 0x00007f1fc8000ff0 Implicit null exception at 0x00007f204b20afd9 to 0x00007f204b20b478
Event: 1228.330 Thread 0x00007f1fc8000ff0 Exception <a 'java/lang/OutOfMemoryError'{0x00000000e0004480}> (0x00000000e0004480) 
thrown [src/hotspot/share/gc/shared/memAllocator.cpp, line 136]
Event: 1236.907 Thread 0x00007f1fc41b3780 Exception <a 'java/lang/OutOfMemoryError'{0x00000000e0004480}> (0x00000000e0004480) 
thrown [src/hotspot/share/gc/shared/memAllocator.cpp, line 136]
Event: 1236.907 Thread 0x00007f1fc41b3780 Exception <a 'java/lang/OutOfMemoryError'{0x00000000e0004480}> (0x00000000e0004480) 
thrown [src/hotspot/share/oops/instanceKlass.cpp, line 1166]
Event: 1236.907 Thread 0x00007f1fc41b3780 Exception <a 'java/lang/OutOfMemoryError'{0x00000000e0004480}> (0x00000000e0004480) 
thrown [src/hotspot/share/oops/instanceKlass.cpp, line 1166]
Event: 1240.896 Thread 0x00007f1fc41b3780 Exception <a 'java/lang/OutOfMemoryError'{0x00000000e0004480}> (0x00000000e0004480) 
thrown [src/hotspot/share/gc/shared/memAllocator.cpp, line 136]
Event: 1290.554 Thread 0x00007f1fc8000ff0 Exception <a 'java/lang/OutOfMemoryError'{0x00000000e0004480}> (0x00000000e0004480) 
thrown [src/hotspot/share/gc/shared/memAllocator.cpp, line 136]
Event: 1296.714 Thread 0x00007f1ff04b9670 Exception <a 'java/lang/OutOfMemoryError'{0x00000000e0004160}> (0x00000000e0004160) 
thrown [src/hotspot/share/gc/shared/memAllocator.cpp, line 138]
Event: 1296.714 Thread 0x00007f1ff04b9670 Implicit null exception at 0x00007f204b1de042 to 0x00007f204b1de59c
Event: 1300.933 Thread 0x00007f1fc8000ff0 Exception <a 'java/lang/OutOfMemoryError'{0x00000000e0004480}> (0x00000000e0004480) 
thrown [src/hotspot/share/gc/shared/memAllocator.cpp, line 136]
Event: 1669.124 Thread 0x00007f205c0b21b0 Exception <a 'java/lang/OutOfMemoryError'{0x00000000e0004480}> (0x00000000e0004480) 
thrown [src/hotspot/share/gc/shared/memAllocator.cpp, line 136]

VM Operations (20 events):
Event: 1641.431 Executing VM operation: ParallelGCFailedAllocation done
Event: 1641.435 Executing VM operation: ParallelGCFailedAllocation
Event: 1644.822 Executing VM operation: ParallelGCFailedAllocation done
Event: 1644.844 Executing VM operation: ParallelGCFailedAllocation
Event: 1649.085 Executing VM operation: ParallelGCFailedAllocation done
Event: 1649.094 Executing VM operation: ParallelGCFailedAllocation
Event: 1652.223 Executing VM operation: ParallelGCFailedAllocation done
Event: 1652.228 Executing VM operation: ParallelGCFailedAllocation
Event: 1654.270 Executing VM operation: ParallelGCFailedAllocation done
Event: 1654.274 Executing VM operation: ParallelGCFailedAllocation
Event: 1655.817 Executing VM operation: ParallelGCFailedAllocation done
Event: 1655.824 Executing VM operation: ParallelGCFailedAllocation
Event: 1658.065 Executing VM operation: ParallelGCFailedAllocation done
Event: 1658.066 Executing VM operation: ParallelGCFailedAllocation
Event: 1659.441 Executing VM operation: ParallelGCFailedAllocation done
Event: 1659.441 Executing VM operation: ParallelGCFailedAllocation
Event: 1661.353 Executing VM operation: ParallelGCFailedAllocation done
Event: 1661.353 Executing VM operation: ParallelGCFailedAllocation
Event: 1669.124 Executing VM operation: ParallelGCFailedAllocation done
Event: 1669.127 Executing VM operation: ParallelGCFailedAllocation

Events (20 events):
Event: 929.472 loading class jdk/internal/logger/SurrogateLogger done
Event: 936.827 loading class jdk/internal/logger/SimpleConsoleLogger$Formatting
Event: 936.827 loading class jdk/internal/logger/SimpleConsoleLogger$Formatting done
Event: 936.827 loading class java/util/logging/ErrorManager
Event: 936.827 loading class java/util/logging/ErrorManager done
Event: 987.714 loading class java/util/logging/Handler$1
Event: 987.715 loading class java/util/logging/Handler$1 done
Event: 987.715 loading class java/util/logging/StreamHandler$1
Event: 1002.754 loading class java/util/logging/StreamHandler$1 done
Event: 1104.874 loading class java/util/logging/LogManager$CloseOnReset
Event: 1106.261 loading class java/util/logging/LogManager$CloseOnReset done
Event: 1178.726 loading class java/time/ZonedDateTime
Event: 1178.726 loading class java/time/chrono/ChronoZonedDateTime
Event: 1182.740 loading class java/time/chrono/ChronoZonedDateTime done
Event: 1199.058 loading class java/time/ZonedDateTime done
Event: 1243.528 Thread 0x00007f1fc41b3780 Thread exited: 0x00007f1fc41b3780
Event: 1303.914 Thread 0x00007f1fe00010d0 Thread added: 0x00007f1fe00010d0
Event: 1303.914 Protecting memory [0x00007f2006500000,0x00007f2006504000] with protection modes 0
Event: 1563.034 Thread 0x00007f1ff030d890 Thread exited: 0x00007f1ff030d890
Event: 1602.462 Thread 0x00007f1fc8000ff0 Thread exited: 0x00007f1fc8000ff0


Dynamic libraries:
e0000000-f5580000 rw-p 00000000 00:00 0 
f5580000-fa280000 rw-p 00000000 00:00 0 
fa280000-100000000 ---p 00000000 00:00 0 
800000000-800449000 rw-p 00001000 00:f78 4611686019135357769             /nix/store/gpxl5qgg8kicmcvivwmybwjlpf7wh20l-graalvm17-ce-22.3.0/lib/server/classes.jsa
800449000-800bc8000 r--p 0044a000 00:f78 4611686019135357769             /nix/store/gpxl5qgg8kicmcvivwmybwjlpf7wh20l-graalvm17-ce-22.3.0/lib/server/classes.jsa
800bc8000-800c00000 ---p 00000000 00:00 0 
800c00000-800c20000 rw-p 00000000 00:00 0 
800c20000-800c40000 rw-p 00000000 00:00 0 
800c40000-800cc0000 rw-p 00000000 00:00 0 
800cc0000-800d00000 rw-p 00000000 00:00 0 
800d00000-800dc0000 rw-p 00000000 00:00 0 
800dc0000-800e00000 rw-p 00000000 00:00 0 
800e00000-800f40000 rw-p 00000000 00:00 0 
800f40000-801000000 rw-p 00000000 00:00 0 
801000000-801280000 rw-p 00000000 00:00 0 
801280000-840c00000 ---p 00000000 00:00 0 
562ad1fc0000-562ad1fc1000 r-xp 00000000 00:f78 4611686019099417844       /nix/store/gpxl5qgg8kicmcvivwmybwjlpf7wh20l-graalvm17-ce-22.3.0/bin/.java-wrapped
562ad1fc2000-562ad1fc3000 r--p 00001000 00:f78 4611686019099417844       /nix/store/gpxl5qgg8kicmcvivwmybwjlpf7wh20l-graalvm17-ce-22.3.0/bin/.java-wrapped
562ad1fc3000-562ad1fc4000 rw-p 00002000 00:f78 4611686019099417844       /nix/store/gpxl5qgg8kicmcvivwmybwjlpf7wh20l-graalvm17-ce-22.3.0/bin/.java-wrapped
562ad1fc4000-562ad1fc5000 rw-p 00004000 00:f78 4611686019099417844       /nix/store/gpxl5qgg8kicmcvivwmybwjlpf7wh20l-graalvm17-ce-22.3.0/bin/.java-wrapped
562ad1fc5000-562ad1fc6000 rw-p 00005000 00:f78 4611686019099417844       /nix/store/gpxl5qgg8kicmcvivwmybwjlpf7wh20l-graalvm17-ce-22.3.0/bin/.java-wrapped
562ad27dd000-562ad2825000 rw-p 00000000 00:00 0                          [heap]
7f1f6c000000-7f1f6c04b000 rw-p 00000000 00:00 0 
7f1f6c04b000-7f1f70000000 ---p 00000000 00:00 0 
7f1f74000000-7f1f740c7000 rw-p 00000000 00:00 0 
7f1f740c7000-7f1f78000000 ---p 00000000 00:00 0 
7f1f78000000-7f1f78070000 rw-p 00000000 00:00 0 
7f1f78070000-7f1f7c000000 ---p 00000000 00:00 0 
7f1f7c000000-7f1f7c021000 rw-p 00000000 00:00 0 
7f1f7c021000-7f1f80000000 ---p 00000000 00:00 0 
7f1f80000000-7f1f80021000 rw-p 00000000 00:00 0 
7f1f80021000-7f1f84000000 ---p 00000000 00:00 0 
7f1f84000000-7f1f84021000 rw-p 00000000 00:00 0 
7f1f84021000-7f1f88000000 ---p 00000000 00:00 0 
7f1f88000000-7f1f88021000 rw-p 00000000 00:00 0 
7f1f88021000-7f1f8c000000 ---p 00000000 00:00 0 
7f1f8c000000-7f1f8c021000 rw-p 00000000 00:00 0 
7f1f8c021000-7f1f90000000 ---p 00000000 00:00 0 
7f1f90000000-7f1f90048000 rw-p 00000000 00:00 0 
7f1f90048000-7f1f94000000 ---p 00000000 00:00 0 
7f1f94000000-7f1f941ba000 rw-p 00000000 00:00 0 
7f1f941ba000-7f1f98000000 ---p 00000000 00:00 0 
7f1f98000000-7f1f98027000 rw-p 00000000 00:00 0 
7f1f98027000-7f1f9c000000 ---p 00000000 00:00 0 
7f1f9c000000-7f1f9c021000 rw-p 00000000 00:00 0 
7f1f9c021000-7f1fa0000000 ---p 00000000 00:00 0 
7f1fa0000000-7f1fa0021000 rw-p 00000000 00:00 0 
7f1fa0021000-7f1fa4000000 ---p 00000000 00:00 0 
7f1fa4000000-7f1fa4021000 rw-p 00000000 00:00 0 
7f1fa4021000-7f1fa8000000 ---p 00000000 00:00 0 
7f1fa8000000-7f1fa8021000 rw-p 00000000 00:00 0 
7f1fa8021000-7f1fac000000 ---p 00000000 00:00 0 
7f1fac000000-7f1fac021000 rw-p 00000000 00:00 0 
7f1fac021000-7f1fb0000000 ---p 00000000 00:00 0 
7f1fb1c00000-7f1fb2350000 rw-p 00000000 00:00 0 
7f1fb2350000-7f1fb2400000 ---p 00000000 00:00 0 
7f1fb24b3000-7f1fbc000000 r--s 00000000 00:f78 4611686019135192581       /nix/store/gpxl5qgg8kicmcvivwmybwjlpf7wh20l-graalvm17-ce-22.3.0/lib/modules
7f1fbc000000-7f1fbc4f8000 rw-p 00000000 00:00 0 
7f1fbc4f8000-7f1fc0000000 ---p 00000000 00:00 0 
7f1fc0000000-7f1fc003e000 rw-p 00000000 00:00 0 
7f1fc003e000-7f1fc4000000 ---p 00000000 00:00 0 
7f1fc4000000-7f1fc41c4000 rw-p 00000000 00:00 0 
7f1fc41c4000-7f1fc8000000 ---p 00000000 00:00 0 
7f1fc8000000-7f1fc809d000 rw-p 00000000 00:00 0 
7f1fc809d000-7f1fcc000000 ---p 00000000 00:00 0 
7f1fcc000000-7f1fcc021000 rw-p 00000000 00:00 0 
7f1fcc021000-7f1fd0000000 ---p 00000000 00:00 0 
7f1fd0000000-7f1fd0127000 rw-p 00000000 00:00 0 
7f1fd0127000-7f1fd4000000 ---p 00000000 00:00 0 
7f1fd4000000-7f1fd406c000 rw-p 00000000 00:00 0 
7f1fd406c000-7f1fd8000000 ---p 00000000 00:00 0 
7f1fd8000000-7f1fd8066000 rw-p 00000000 00:00 0 
7f1fd8066000-7f1fdc000000 ---p 00000000 00:00 0 
7f1fdc000000-7f1fdc021000 rw-p 00000000 00:00 0 
7f1fdc021000-7f1fe0000000 ---p 00000000 00:00 0 
7f1fe0000000-7f1fe0335000 rw-p 00000000 00:00 0 
7f1fe0335000-7f1fe4000000 ---p 00000000 00:00 0 
7f1fe4000000-7f1fe4021000 rw-p 00000000 00:00 0 
7f1fe4021000-7f1fe8000000 ---p 00000000 00:00 0 
7f1fe8000000-7f1fe8021000 rw-p 00000000 00:00 0 
7f1fe8021000-7f1fec000000 ---p 00000000 00:00 0 
7f1fec800000-7f1fecb00000 rw-p 00000000 00:00 0 
7f1fecb00000-7f1fecbb0000 rw-p 00000000 00:00 0 
7f1fecbb0000-7f1fecc00000 ---p 00000000 00:00 0 
7f1fecc00000-7f1fece60000 rw-p 00000000 00:00 0 
7f1fece60000-7f1fed000000 rw-p 00000000 00:00 0 
7f1fed400000-7f1fed5e0000 rw-p 00000000 00:00 0 
7f1fed5e0000-7f1fed600000 rw-p 00000000 00:00 0 
7f1fed600000-7f1fed700000 rw-p 00000000 00:00 0 
7f1fed700000-7f1fed800000 rw-p 00000000 00:00 0 
7f1fed800000-7f1fedc00000 rw-p 00000000 00:00 0 
7f1fedc00000-7f1fedc80000 rw-p 00000000 00:00 0 
7f1fedc80000-7f1fedd00000 rw-p 00000000 00:00 0 
7f1fedd00000-7f1fedf00000 rw-p 00000000 00:00 0 
7f1fedf00000-7f1fee000000 rw-p 00000000 00:00 0 
7f1fee000000-7f1fee100000 rw-p 00000000 00:00 0 
7f1fee100000-7f1fee200000 rw-p 00000000 00:00 0 
7f1fee200000-7f1fee400000 rw-p 00000000 00:00 0 
7f1fee800000-7f1fee900000 rw-p 00000000 00:00 0 
7f1fee900000-7f1feea00000 rw-p 00000000 00:00 0 
7f1feea00000-7f1feef60000 rw-p 00000000 00:00 0 
7f1feef60000-7f1feef80000 rw-p 00000000 00:00 0 
7f1feef80000-7f1fef000000 rw-p 00000000 00:00 0 
7f1fef400000-7f1fef500000 rw-p 00000000 00:00 0 
7f1fef500000-7f1fef600000 rw-p 00000000 00:00 0 
7f1fef600000-7f1fefb00000 rw-p 00000000 00:00 0 
7f1fefb00000-7f1fefc00000 rw-p 00000000 00:00 0 
7f1ff0000000-7f1ff08f2000 rw-p 00000000 00:00 0 
7f1ff08f2000-7f1ff4000000 ---p 00000000 00:00 0 
7f1ff4000000-7f1ff4026000 rw-p 00000000 00:00 0 
7f1ff4026000-7f1ff8000000 ---p 00000000 00:00 0 
7f1ff8000000-7f1ff8021000 rw-p 00000000 00:00 0 
7f1ff8021000-7f1ffc000000 ---p 00000000 00:00 0 
7f1ffc000000-7f1ffc021000 rw-p 00000000 00:00 0 
7f1ffc021000-7f2000000000 ---p 00000000 00:00 0 
7f2000000000-7f2000021000 rw-p 00000000 00:00 0 
7f2000021000-7f2004000000 ---p 00000000 00:00 0 
7f2004200000-7f2004300000 ---p 00000000 00:00 0 
7f2004300000-7f20048af000 r--p 01122000 00:f78 4611686019135190040       /nix/store/gpxl5qgg8kicmcvivwmybwjlpf7wh20l-graalvm17-ce-22.3.0/lib/libjvmcicompiler.so
7f20048af000-7f2004a00000 r--p 00000000 00:00 0 
7f2004a00000-7f2004a3d000 rw-p 00000000 00:00 0 
7f2004a3d000-7f2004f5d000 rw-p 0185f000 00:f78 4611686019135190040       /nix/store/gpxl5qgg8kicmcvivwmybwjlpf7wh20l-graalvm17-ce-22.3.0/lib/libjvmcicompiler.so
7f2004f5d000-7f2005344000 r--p 01d7f000 00:f78 4611686019135190040       /nix/store/gpxl5qgg8kicmcvivwmybwjlpf7wh20l-graalvm17-ce-22.3.0/lib/libjvmcicompiler.so
7f2005400000-7f2005410000 r-xp 00000000 00:f75 353                       /home/runner/.cache/jdt-language-server/config/org.eclipse.equinox.launcher/org.eclipse.equinox.launcher.gtk.linux.x86_64_1.2.400.v20211117-0650/eclipse_11600.so
7f2005410000-7f200560f000 ---p 00010000 00:f75 353                       /home/runner/.cache/jdt-language-server/config/org.eclipse.equinox.launcher/org.eclipse.equinox.launcher.gtk.linux.x86_64_1.2.400.v20211117-0650/eclipse_11600.so
7f200560f000-7f2005610000 r--p 0000f000 00:f75 353                       /home/runner/.cache/jdt-language-server/config/org.eclipse.equinox.launcher/org.eclipse.equinox.launcher.gtk.linux.x86_64_1.2.400.v20211117-0650/eclipse_11600.so
7f2005610000-7f2005611000 rw-p 00010000 00:f75 353                       /home/runner/.cache/jdt-language-server/config/org.eclipse.equinox.launcher/org.eclipse.equinox.launcher.gtk.linux.x86_64_1.2.400.v20211117-0650/eclipse_11600.so
7f2005900000-7f2005904000 ---p 00000000 00:00 0 
7f2005904000-7f2005a00000 rw-p 00000000 00:00 0 
7f2005b00000-7f2005b04000 ---p 00000000 00:00 0 
7f2005b04000-7f2005c00000 rw-p 00000000 00:00 0 
7f2005d00000-7f2005d04000 ---p 00000000 00:00 0 
7f2005d04000-7f2005e00000 rw-p 00000000 00:00 0 
7f2005f00000-7f2005f04000 ---p 00000000 00:00 0 
7f2005f04000-7f2006000000 rw-p 00000000 00:00 0 
7f2006100000-7f2006104000 ---p 00000000 00:00 0 
7f2006104000-7f2006200000 rw-p 00000000 00:00 0 
7f2006300000-7f2006304000 ---p 00000000 00:00 0 
7f2006304000-7f2006400000 rw-p 00000000 00:00 0 
7f2006500000-7f2006504000 ---p 00000000 00:00 0 
7f2006504000-7f2006600000 rw-p 00000000 00:00 0 
7f2006700000-7f2006704000 ---p 00000000 00:00 0 
7f2006704000-7f2006800000 rw-p 00000000 00:00 0 
7f2006800000-7f2006804000 ---p 00000000 00:00 0 
7f2006804000-7f2006900000 rw-p 00000000 00:00 0 
7f2006900000-7f2006904000 ---p 00000000 00:00 0 
7f2006904000-7f2006a00000 rw-p 00000000 00:00 0 
7f2006b00000-7f2006b04000 ---p 00000000 00:00 0 
7f2006b04000-7f2006c00000 rw-p 00000000 00:00 0 
7f2006c00000-7f2006c04000 ---p 00000000 00:00 0 
7f2006c04000-7f2006d00000 rw-p 00000000 00:00 0 
7f2006d00000-7f2006d04000 ---p 00000000 00:00 0 
7f2006d04000-7f2006e00000 rw-p 00000000 00:00 0 
7f2006f00000-7f2006f04000 ---p 00000000 00:00 0 
7f2006f04000-7f2007000000 rw-p 00000000 00:00 0 
7f2007100000-7f2007104000 ---p 00000000 00:00 0 
7f2007104000-7f2007200000 rw-p 00000000 00:00 0 
7f2007300000-7f2007304000 ---p 00000000 00:00 0 
7f2007304000-7f2007400000 rw-p 00000000 00:00 0 
7f2007500000-7f2007504000 ---p 00000000 00:00 0 
7f2007504000-7f2007600000 rw-p 00000000 00:00 0 
7f2007700000-7f2007704000 ---p 00000000 00:00 0 
7f2007704000-7f2007800000 rw-p 00000000 00:00 0 
7f2007900000-7f2007904000 ---p 00000000 00:00 0 
7f2007904000-7f2007a00000 rw-p 00000000 00:00 0 
7f2007a00000-7f2007a04000 ---p 00000000 00:00 0 
7f2007a04000-7f2007b00000 rw-p 00000000 00:00 0 
7f2007b00000-7f2007b04000 ---p 00000000 00:00 0 
7f2007b04000-7f2007c00000 rw-p 00000000 00:00 0 
7f2007d00000-7f2007d04000 ---p 00000000 00:00 0 
7f2007d04000-7f2007e00000 rw-p 00000000 00:00 0 
7f2007f00000-7f2007f04000 ---p 00000000 00:00 0 
7f2007f04000-7f2008000000 rw-p 00000000 00:00 0 
7f2008000000-7f2008004000 ---p 00000000 00:00 0 
7f2008004000-7f2008100000 rw-p 00000000 00:00 0 
7f2008100000-7f2008104000 ---p 00000000 00:00 0 
7f2008104000-7f2008200000 rw-p 00000000 00:00 0 
7f2008300000-7f2008304000 ---p 00000000 00:00 0 
7f2008304000-7f2008400000 rw-p 00000000 00:00 0 
7f2008500000-7f2008504000 ---p 00000000 00:00 0 
7f2008504000-7f2008600000 rw-p 00000000 00:00 0 
7f2008600000-7f2008604000 ---p 00000000 00:00 0 
7f2008604000-7f2008700000 rw-p 00000000 00:00 0 
7f2008700000-7f2008704000 ---p 00000000 00:00 0 
7f2008704000-7f2008800000 rw-p 00000000 00:00 0 
7f2008900000-7f2008904000 ---p 00000000 00:00 0 
7f2008904000-7f2008a00000 rw-p 00000000 00:00 0 
7f2009668000-7f2009b00000 rw-p 00000000 00:00 0 
7f2009c00000-7f200bd6a000 r-xp 00000000 00:f78 4611686019135190040       /nix/store/gpxl5qgg8kicmcvivwmybwjlpf7wh20l-graalvm17-ce-22.3.0/lib/libjvmcicompiler.so
7f200bd6a000-7f200bf69000 ---p 0216a000 00:f78 4611686019135190040       /nix/store/gpxl5qgg8kicmcvivwmybwjlpf7wh20l-graalvm17-ce-22.3.0/lib/libjvmcicompiler.so
7f200bf69000-7f200bf6a000 r--p 02169000 00:f78 4611686019135190040       /nix/store/gpxl5qgg8kicmcvivwmybwjlpf7wh20l-graalvm17-ce-22.3.0/lib/libjvmcicompiler.so
7f200bf6a000-7f200bf6c000 rw-p 0216a000 00:f78 4611686019135190040       /nix/store/gpxl5qgg8kicmcvivwmybwjlpf7wh20l-graalvm17-ce-22.3.0/lib/libjvmcicompiler.so
7f200bf6c000-7f200bf6d000 rw-p 00000000 00:00 0 
7f200bf6d000-7f200bf72000 rw-p 023c3000 00:f78 4611686019135190040       /nix/store/gpxl5qgg8kicmcvivwmybwjlpf7wh20l-graalvm17-ce-22.3.0/lib/libjvmcicompiler.so
7f200c000000-7f200c021000 rw-p 00000000 00:00 0 
7f200c021000-7f2010000000 ---p 00000000 00:00 0 
7f2010000000-7f2010021000 rw-p 00000000 00:00 0 
7f2010021000-7f2014000000 ---p 00000000 00:00 0 
7f2014000000-7f2014021000 rw-p 00000000 00:00 0 
7f2014021000-7f2018000000 ---p 00000000 00:00 0 
7f2018000000-7f2018021000 rw-p 00000000 00:00 0 
7f2018021000-7f201c000000 ---p 00000000 00:00 0 
7f201c000000-7f201c0e5000 rw-p 00000000 00:00 0 
7f201c0e5000-7f2020000000 ---p 00000000 00:00 0 
7f2020000000-7f2020b1b000 rw-p 00000000 00:00 0 
7f2020b1b000-7f2024000000 ---p 00000000 00:00 0 
7f2024000000-7f2024021000 rw-p 00000000 00:00 0 
7f2024021000-7f2028000000 ---p 00000000 00:00 0 
7f2028000000-7f2028021000 rw-p 00000000 00:00 0 
7f2028021000-7f202c000000 ---p 00000000 00:00 0 
7f202c000000-7f202c021000 rw-p 00000000 00:00 0 
7f202c021000-7f2030000000 ---p 00000000 00:00 0 
7f2030000000-7f2030021000 rw-p 00000000 00:00 0 
7f2030021000-7f2034000000 ---p 00000000 00:00 0 
7f2034000000-7f2034021000 rw-p 00000000 00:00 0 
7f2034021000-7f2038000000 ---p 00000000 00:00 0 
7f2038000000-7f2038021000 rw-p 00000000 00:00 0 
7f2038021000-7f203c000000 ---p 00000000 00:00 0 
7f203c000000-7f203c110000 rw-p 00000000 00:00 0 
7f203c110000-7f2040004000 ---p 00000000 00:00 0 
7f2040004000-7f2040100000 rw-p 00000000 00:00 0 
7f2040100000-7f2040104000 ---p 00000000 00:00 0 
7f2040104000-7f2040200000 rw-p 00000000 00:00 0 
7f2040316000-7f2040317000 ---p 00000000 00:00 0 
7f2040317000-7f2040418000 rw-p 00000000 00:00 0 
7f2040418000-7f204041c000 ---p 00000000 00:00 0 
7f204041c000-7f2040518000 rw-p 00000000 00:00 0 
7f2040518000-7f204051c000 ---p 00000000 00:00 0 
7f204051c000-7f2040618000 rw-p 00000000 00:00 0 
7f2040618000-7f204061c000 ---p 00000000 00:00 0 
7f204061c000-7f2040718000 rw-p 00000000 00:00 0 
7f2040718000-7f204071c000 ---p 00000000 00:00 0 
7f204071c000-7f2040918000 rw-p 00000000 00:00 0 
7f2040918000-7f204091c000 ---p 00000000 00:00 0 
7f204091c000-7f2040b18000 rw-p 00000000 00:00 0 
7f2040b18000-7f2040b1c000 ---p 00000000 00:00 0 
7f2040b1c000-7f2040c18000 rw-p 00000000 00:00 0 
7f2040c18000-7f2040c1c000 ---p 00000000 00:00 0 
7f2040c1c000-7f2040d18000 rw-p 00000000 00:00 0 
7f2040d18000-7f2040d1c000 ---p 00000000 00:00 0 
7f2040d1c000-7f2040e18000 rw-p 00000000 00:00 0 
7f2040e18000-7f20410fe000 r--p 00000000 00:ac1 28444448                  /usr/lib/locale/locale-archive
7f20410fe000-7f2041102000 ---p 00000000 00:00 0 
7f2041102000-7f20411fe000 rw-p 00000000 00:00 0 
7f20411fe000-7f2041202000 ---p 00000000 00:00 0 
7f2041202000-7f20412fe000 rw-p 00000000 00:00 0 
7f20412fe000-7f20412ff000 ---p 00000000 00:00 0 
7f20412ff000-7f2041800000 rw-p 00000000 00:00 0 
7f2041800000-7f2041b00000 rw-p 00000000 00:00 0 
7f2041b00000-7f2041c00000 rw-p 00000000 00:00 0 
7f2041c72000-7f2041c74000 r-xp 00000000 00:f78 4611686019135190017       /nix/store/gpxl5qgg8kicmcvivwmybwjlpf7wh20l-graalvm17-ce-22.3.0/lib/libextnet.so
7f2041c74000-7f2041c75000 r--p 00001000 00:f78 4611686019135190017       /nix/store/gpxl5qgg8kicmcvivwmybwjlpf7wh20l-graalvm17-ce-22.3.0/lib/libextnet.so
7f2041c75000-7f2041c76000 rw-p 00002000 00:f78 4611686019135190017       /nix/store/gpxl5qgg8kicmcvivwmybwjlpf7wh20l-graalvm17-ce-22.3.0/lib/libextnet.so
7f2041c76000-7f2041c77000 rw-p 00004000 00:f78 4611686019135190017       /nix/store/gpxl5qgg8kicmcvivwmybwjlpf7wh20l-graalvm17-ce-22.3.0/lib/libextnet.so
7f2041c77000-7f2041c7b000 ---p 00000000 00:00 0 
7f2041c7b000-7f2041c99000 rw-p 00000000 00:00 0 
7f2041c99000-7f2041ca0000 r-xp 00000000 00:f78 4611686019135192580       /nix/store/gpxl5qgg8kicmcvivwmybwjlpf7wh20l-graalvm17-ce-22.3.0/lib/libzip.so
7f2041ca0000-7f2041ca1000 ---p 00007000 00:f78 4611686019135192580       /nix/store/gpxl5qgg8kicmcvivwmybwjlpf7wh20l-graalvm17-ce-22.3.0/lib/libzip.so
7f2041ca1000-7f2041ca2000 r--p 00007000 00:f78 4611686019135192580       /nix/store/gpxl5qgg8kicmcvivwmybwjlpf7wh20l-graalvm17-ce-22.3.0/lib/libzip.so
7f2041ca2000-7f2041ca3000 rw-p 00008000 00:f78 4611686019135192580       /nix/store/gpxl5qgg8kicmcvivwmybwjlpf7wh20l-graalvm17-ce-22.3.0/lib/libzip.so
7f2041ca3000-7f2041ca5000 rw-p 0000b000 00:f78 4611686019135192580       /nix/store/gpxl5qgg8kicmcvivwmybwjlpf7wh20l-graalvm17-ce-22.3.0/lib/libzip.so
7f2041ca5000-7f2041cba000 r-xp 00000000 00:f78 4611686019135192570       /nix/store/gpxl5qgg8kicmcvivwmybwjlpf7wh20l-graalvm17-ce-22.3.0/lib/libnet.so
7f2041cba000-7f2041cbb000 ---p 00015000 00:f78 4611686019135192570       /nix/store/gpxl5qgg8kicmcvivwmybwjlpf7wh20l-graalvm17-ce-22.3.0/lib/libnet.so
7f2041cbb000-7f2041cbc000 r--p 00015000 00:f78 4611686019135192570       /nix/store/gpxl5qgg8kicmcvivwmybwjlpf7wh20l-graalvm17-ce-22.3.0/lib/libnet.so
7f2041cbc000-7f2041cbd000 rw-p 00016000 00:f78 4611686019135192570       /nix/store/gpxl5qgg8kicmcvivwmybwjlpf7wh20l-graalvm17-ce-22.3.0/lib/libnet.so
7f2041cbd000-7f2041cc0000 rw-p 0001b000 00:f78 4611686019135192570       /nix/store/gpxl5qgg8kicmcvivwmybwjlpf7wh20l-graalvm17-ce-22.3.0/lib/libnet.so
7f2041cc0000-7f2041d8e000 r-xp 00000000 00:f78 4611686019135190036       /nix/store/gpxl5qgg8kicmcvivwmybwjlpf7wh20l-graalvm17-ce-22.3.0/lib/libjsvml.so
7f2041d8e000-7f2041d8f000 r--p 000cd000 00:f78 4611686019135190036       /nix/store/gpxl5qgg8kicmcvivwmybwjlpf7wh20l-graalvm17-ce-22.3.0/lib/libjsvml.so
7f2041d8f000-7f2041d90000 rw-p 000ce000 00:f78 4611686019135190036       /nix/store/gpxl5qgg8kicmcvivwmybwjlpf7wh20l-graalvm17-ce-22.3.0/lib/libjsvml.so
7f2041d90000-7f20434b3000 rw-p 00000000 00:00 0 
7f20434b3000-7f2043723000 rwxp 00000000 00:00 0 
7f2043723000-7f2043a42000 ---p 00000000 00:00 0 
7f2043a42000-7f2044aa2000 rwxp 00000000 00:00 0 
7f2044aa2000-7f204af7a000 ---p 00000000 00:00 0 
7f204af7a000-7f204b21a000 rwxp 00000000 00:00 0 
7f204b21a000-7f20524b3000 ---p 00000000 00:00 0 
7f20524b3000-7f205c000000 r--s 00000000 00:f78 4611686019135192581       /nix/store/gpxl5qgg8kicmcvivwmybwjlpf7wh20l-graalvm17-ce-22.3.0/lib/modules
7f205c000000-7f205c603000 rw-p 00000000 00:00 0 
7f205c603000-7f2060000000 ---p 00000000 00:00 0 
7f2060000000-7f2060013000 r-xp 00000000 00:f78 4611686019135192571       /nix/store/gpxl5qgg8kicmcvivwmybwjlpf7wh20l-graalvm17-ce-22.3.0/lib/libnio.so
7f2060013000-7f2060014000 r--p 00012000 00:f78 4611686019135192571       /nix/store/gpxl5qgg8kicmcvivwmybwjlpf7wh20l-graalvm17-ce-22.3.0/lib/libnio.so
7f2060014000-7f2060015000 rw-p 00013000 00:f78 4611686019135192571       /nix/store/gpxl5qgg8kicmcvivwmybwjlpf7wh20l-graalvm17-ce-22.3.0/lib/libnio.so
7f2060015000-7f206001a000 rw-p 00019000 00:f78 4611686019135192571       /nix/store/gpxl5qgg8kicmcvivwmybwjlpf7wh20l-graalvm17-ce-22.3.0/lib/libnio.so
7f206001a000-7f20601cf000 rw-p 00000000 00:00 0 
7f20601cf000-7f20601d0000 ---p 00000000 00:00 0 
7f20601d0000-7f206037b000 rw-p 00000000 00:00 0 
7f206037b000-7f20603a3000 rw-p 00000000 00:00 0 
7f20603a3000-7f20603d1000 ---p 00000000 00:00 0 
7f20603d1000-7f20603d8000 rw-p 00000000 00:00 0 
7f20603d8000-7f20604bd000 ---p 00000000 00:00 0 
7f20604bd000-7f20604de000 rw-p 00000000 00:00 0 
7f20604de000-7f20605a8000 ---p 00000000 00:00 0 
7f20605a8000-7f20605ad000 rw-p 00000000 00:00 0 
7f20605ad000-7f20605b4000 ---p 00000000 00:00 0 
7f20605b4000-7f20605d8000 r-xp 00000000 00:f78 4611686019135190028       /nix/store/gpxl5qgg8kicmcvivwmybwjlpf7wh20l-graalvm17-ce-22.3.0/lib/libjava.so
7f20605d8000-7f20605d9000 ---p 00024000 00:f78 4611686019135190028       /nix/store/gpxl5qgg8kicmcvivwmybwjlpf7wh20l-graalvm17-ce-22.3.0/lib/libjava.so
7f20605d9000-7f20605da000 r--p 00024000 00:f78 4611686019135190028       /nix/store/gpxl5qgg8kicmcvivwmybwjlpf7wh20l-graalvm17-ce-22.3.0/lib/libjava.so
7f20605da000-7f20605db000 rw-p 00025000 00:f78 4611686019135190028       /nix/store/gpxl5qgg8kicmcvivwmybwjlpf7wh20l-graalvm17-ce-22.3.0/lib/libjava.so
7f20605db000-7f20605dc000 rw-p 00000000 00:00 0 
7f20605dc000-7f20605e3000 rw-p 0002f000 00:f78 4611686019135190028       /nix/store/gpxl5qgg8kicmcvivwmybwjlpf7wh20l-graalvm17-ce-22.3.0/lib/libjava.so
7f20605e3000-7f20605eb000 rw-s 00000000 00:433 350                       /tmp/hsperfdata_runner/23
7f20605eb000-7f20605ec000 ---p 00000000 00:00 0 
7f20605ec000-7f20605ed000 r--p 00000000 00:00 0 
7f20605ed000-7f20605ee000 rwxp 00000000 00:00 0 
7f20605ee000-7f2060609000 r-xp 00000000 00:f78 4611686019135190032       /nix/store/gpxl5qgg8kicmcvivwmybwjlpf7wh20l-graalvm17-ce-22.3.0/lib/libjimage.so
7f2060609000-7f206060a000 ---p 0001b000 00:f78 4611686019135190032       /nix/store/gpxl5qgg8kicmcvivwmybwjlpf7wh20l-graalvm17-ce-22.3.0/lib/libjimage.so
7f206060a000-7f206060c000 r--p 0001b000 00:f78 4611686019135190032       /nix/store/gpxl5qgg8kicmcvivwmybwjlpf7wh20l-graalvm17-ce-22.3.0/lib/libjimage.so
7f206060c000-7f206060d000 rw-p 0001d000 00:f78 4611686019135190032       /nix/store/gpxl5qgg8kicmcvivwmybwjlpf7wh20l-graalvm17-ce-22.3.0/lib/libjimage.so
7f206060d000-7f206060e000 rw-p 00024000 00:f78 4611686019135190032       /nix/store/gpxl5qgg8kicmcvivwmybwjlpf7wh20l-graalvm17-ce-22.3.0/lib/libjimage.so
7f206060e000-7f2060612000 ---p 00000000 00:00 0 
7f2060612000-7f206070e000 rw-p 00000000 00:00 0 
7f206070e000-7f206071c000 r--p 00000000 00:f78 4611686019027979927       /nix/store/4nlgxhb09sdr51nc9hdm8az5b08vzkgx-glibc-2.35-163/lib/libm.so.6
7f206071c000-7f206078f000 r-xp 0000e000 00:f78 4611686019027979927       /nix/store/4nlgxhb09sdr51nc9hdm8az5b08vzkgx-glibc-2.35-163/lib/libm.so.6
7f206078f000-7f20607ec000 r--p 00081000 00:f78 4611686019027979927       /nix/store/4nlgxhb09sdr51nc9hdm8az5b08vzkgx-glibc-2.35-163/lib/libm.so.6
7f20607ec000-7f20607ed000 r--p 000dd000 00:f78 4611686019027979927       /nix/store/4nlgxhb09sdr51nc9hdm8az5b08vzkgx-glibc-2.35-163/lib/libm.so.6
7f20607ed000-7f20607ee000 rw-p 000de000 00:f78 4611686019027979927       /nix/store/4nlgxhb09sdr51nc9hdm8az5b08vzkgx-glibc-2.35-163/lib/libm.so.6
7f20607ee000-7f20607ef000 r--p 00000000 00:f78 4611686019027979946       /nix/store/4nlgxhb09sdr51nc9hdm8az5b08vzkgx-glibc-2.35-163/lib/librt.so.1
7f20607ef000-7f20607f0000 r-xp 00001000 00:f78 4611686019027979946       /nix/store/4nlgxhb09sdr51nc9hdm8az5b08vzkgx-glibc-2.35-163/lib/librt.so.1
7f20607f0000-7f20607f1000 r--p 00002000 00:f78 4611686019027979946       /nix/store/4nlgxhb09sdr51nc9hdm8az5b08vzkgx-glibc-2.35-163/lib/librt.so.1
7f20607f1000-7f20607f2000 r--p 00002000 00:f78 4611686019027979946       /nix/store/4nlgxhb09sdr51nc9hdm8az5b08vzkgx-glibc-2.35-163/lib/librt.so.1
7f20607f2000-7f20607f3000 rw-p 00003000 00:f78 4611686019027979946       /nix/store/4nlgxhb09sdr51nc9hdm8az5b08vzkgx-glibc-2.35-163/lib/librt.so.1
7f20607f3000-7f2061906000 r-xp 00000000 00:f78 4611686019135360866       /nix/store/gpxl5qgg8kicmcvivwmybwjlpf7wh20l-graalvm17-ce-22.3.0/lib/server/libjvm.so
7f2061906000-7f2061907000 ---p 01113000 00:f78 4611686019135360866       /nix/store/gpxl5qgg8kicmcvivwmybwjlpf7wh20l-graalvm17-ce-22.3.0/lib/server/libjvm.so
7f2061907000-7f20619bc000 r--p 01113000 00:f78 4611686019135360866       /nix/store/gpxl5qgg8kicmcvivwmybwjlpf7wh20l-graalvm17-ce-22.3.0/lib/server/libjvm.so
7f20619bc000-7f20619f0000 rw-p 011c8000 00:f78 4611686019135360866       /nix/store/gpxl5qgg8kicmcvivwmybwjlpf7wh20l-graalvm17-ce-22.3.0/lib/server/libjvm.so
7f20619f0000-7f2061a4c000 rw-p 00000000 00:00 0 
7f2061a4c000-7f2061a74000 r--p 00000000 00:f78 4611686019027979918       /nix/store/4nlgxhb09sdr51nc9hdm8az5b08vzkgx-glibc-2.35-163/lib/libc.so.6
7f2061a74000-7f2061bea000 r-xp 00028000 00:f78 4611686019027979918       /nix/store/4nlgxhb09sdr51nc9hdm8az5b08vzkgx-glibc-2.35-163/lib/libc.so.6
7f2061bea000-7f2061c42000 r--p 0019e000 00:f78 4611686019027979918       /nix/store/4nlgxhb09sdr51nc9hdm8az5b08vzkgx-glibc-2.35-163/lib/libc.so.6
7f2061c42000-7f2061c46000 r--p 001f6000 00:f78 4611686019027979918       /nix/store/4nlgxhb09sdr51nc9hdm8az5b08vzkgx-glibc-2.35-163/lib/libc.so.6
7f2061c46000-7f2061c48000 rw-p 001fa000 00:f78 4611686019027979918       /nix/store/4nlgxhb09sdr51nc9hdm8az5b08vzkgx-glibc-2.35-163/lib/libc.so.6
7f2061c48000-7f2061c57000 rw-p 00000000 00:00 0 
7f2061c57000-7f2061c58000 r--p 00000000 00:f78 4611686019027979923       /nix/store/4nlgxhb09sdr51nc9hdm8az5b08vzkgx-glibc-2.35-163/lib/libdl.so.2
7f2061c58000-7f2061c59000 r-xp 00001000 00:f78 4611686019027979923       /nix/store/4nlgxhb09sdr51nc9hdm8az5b08vzkgx-glibc-2.35-163/lib/libdl.so.2
7f2061c59000-7f2061c5a000 r--p 00002000 00:f78 4611686019027979923       /nix/store/4nlgxhb09sdr51nc9hdm8az5b08vzkgx-glibc-2.35-163/lib/libdl.so.2
7f2061c5a000-7f2061c5b000 r--p 00002000 00:f78 4611686019027979923       /nix/store/4nlgxhb09sdr51nc9hdm8az5b08vzkgx-glibc-2.35-163/lib/libdl.so.2
7f2061c5b000-7f2061c5c000 rw-p 00003000 00:f78 4611686019027979923       /nix/store/4nlgxhb09sdr51nc9hdm8az5b08vzkgx-glibc-2.35-163/lib/libdl.so.2
7f2061c5c000-7f2061c5d000 r--p 00000000 00:f78 4611686019027979942       /nix/store/4nlgxhb09sdr51nc9hdm8az5b08vzkgx-glibc-2.35-163/lib/libpthread.so.0
7f2061c5d000-7f2061c5e000 r-xp 00001000 00:f78 4611686019027979942       /nix/store/4nlgxhb09sdr51nc9hdm8az5b08vzkgx-glibc-2.35-163/lib/libpthread.so.0
7f2061c5e000-7f2061c5f000 r--p 00002000 00:f78 4611686019027979942       /nix/store/4nlgxhb09sdr51nc9hdm8az5b08vzkgx-glibc-2.35-163/lib/libpthread.so.0
7f2061c5f000-7f2061c60000 r--p 00002000 00:f78 4611686019027979942       /nix/store/4nlgxhb09sdr51nc9hdm8az5b08vzkgx-glibc-2.35-163/lib/libpthread.so.0
7f2061c60000-7f2061c61000 rw-p 00003000 00:f78 4611686019027979942       /nix/store/4nlgxhb09sdr51nc9hdm8az5b08vzkgx-glibc-2.35-163/lib/libpthread.so.0
7f2061c61000-7f2061c6f000 r-xp 00000000 00:f78 4611686019135190033       /nix/store/gpxl5qgg8kicmcvivwmybwjlpf7wh20l-graalvm17-ce-22.3.0/lib/libjli.so
7f2061c6f000-7f2061c70000 ---p 0000e000 00:f78 4611686019135190033       /nix/store/gpxl5qgg8kicmcvivwmybwjlpf7wh20l-graalvm17-ce-22.3.0/lib/libjli.so
7f2061c70000-7f2061c71000 r--p 0000e000 00:f78 4611686019135190033       /nix/store/gpxl5qgg8kicmcvivwmybwjlpf7wh20l-graalvm17-ce-22.3.0/lib/libjli.so
7f2061c71000-7f2061c72000 rw-p 0000f000 00:f78 4611686019135190033       /nix/store/gpxl5qgg8kicmcvivwmybwjlpf7wh20l-graalvm17-ce-22.3.0/lib/libjli.so
7f2061c72000-7f2061c73000 rw-p 00012000 00:f78 4611686019135190033       /nix/store/gpxl5qgg8kicmcvivwmybwjlpf7wh20l-graalvm17-ce-22.3.0/lib/libjli.so
7f2061c73000-7f2061c76000 r--p 00000000 00:f78 4611686019106210071       /nix/store/026hln0aq1hyshaxsdvhg0kmcm6yf45r-zlib-1.2.13/lib/libz.so.1.2.13
7f2061c76000-7f2061c88000 r-xp 00003000 00:f78 4611686019106210071       /nix/store/026hln0aq1hyshaxsdvhg0kmcm6yf45r-zlib-1.2.13/lib/libz.so.1.2.13
7f2061c88000-7f2061c8f000 r--p 00015000 00:f78 4611686019106210071       /nix/store/026hln0aq1hyshaxsdvhg0kmcm6yf45r-zlib-1.2.13/lib/libz.so.1.2.13
7f2061c8f000-7f2061c90000 r--p 0001b000 00:f78 4611686019106210071       /nix/store/026hln0aq1hyshaxsdvhg0kmcm6yf45r-zlib-1.2.13/lib/libz.so.1.2.13
7f2061c90000-7f2061c91000 rw-p 0001c000 00:f78 4611686019106210071       /nix/store/026hln0aq1hyshaxsdvhg0kmcm6yf45r-zlib-1.2.13/lib/libz.so.1.2.13
7f2061c91000-7f2061c93000 rw-p 00000000 00:00 0 
7f2061c93000-7f2061c95000 r--p 00000000 00:f78 4611686019027979912       /nix/store/4nlgxhb09sdr51nc9hdm8az5b08vzkgx-glibc-2.35-163/lib/ld-linux-x86-64.so.2
7f2061c95000-7f2061cbc000 r-xp 00002000 00:f78 4611686019027979912       /nix/store/4nlgxhb09sdr51nc9hdm8az5b08vzkgx-glibc-2.35-163/lib/ld-linux-x86-64.so.2
7f2061cbc000-7f2061cc8000 r--p 00029000 00:f78 4611686019027979912       /nix/store/4nlgxhb09sdr51nc9hdm8az5b08vzkgx-glibc-2.35-163/lib/ld-linux-x86-64.so.2
7f2061cc8000-7f2061cca000 r--p 00034000 00:f78 4611686019027979912       /nix/store/4nlgxhb09sdr51nc9hdm8az5b08vzkgx-glibc-2.35-163/lib/ld-linux-x86-64.so.2
7f2061cca000-7f2061ccc000 rw-p 00036000 00:f78 4611686019027979912       /nix/store/4nlgxhb09sdr51nc9hdm8az5b08vzkgx-glibc-2.35-163/lib/ld-linux-x86-64.so.2
7ffde1959000-7ffde197d000 rw-p 00000000 00:00 0                          [stack]
7ffde19c4000-7ffde19c8000 r--p 00000000 00:00 0                          [vvar]
7ffde19c8000-7ffde19ca000 r-xp 00000000 00:00 0                          [vdso]
ffffffffff600000-ffffffffff601000 --xp 00000000 00:00 0                  [vsyscall]


VM Arguments:
jvm_args: -XX:ThreadPriorityPolicy=1 -XX:+UnlockExperimentalVMOptions -XX:+EnableJVMCIProduct -XX:JVMCIThreadsPerNativeLibraryRuntime=1 -XX:-UnlockExperimentalVMOptions -Declipse.application=org.eclipse.jdt.ls.core.id1 -Dosgi.bundles.defaultStartLevel=4 -Declipse.product=org.eclipse.jdt.ls.core.product -Dlog.level=ALL -Xverify:none -XX:+UseParallelGC -XX:GCTimeRatio=4 -XX:AdaptiveSizePolicyWeight=90 -Dsun.zip.disableMemoryMapping=true -Xmx512m -Xms100m 
java_command: /nix/store/m6gcpi1ii6rghy04cjwjddcavv7i90df-jdt-language-server-1.9.0/share/java/plugins/org.eclipse.equinox.launcher_1.6.400.v20210924-0641.jar --add-modules=ALL-SYSTEM --add-opens java.base/java.util=ALL-UNNAMED --add-opens java.base/java.lang=ALL-UNNAMED -configuration /home/runner/.cache/jdt-language-server/config -data /home/runner/.cache/jdt-language-server/data/home/runner/23
java_class_path (initial): /nix/store/m6gcpi1ii6rghy04cjwjddcavv7i90df-jdt-language-server-1.9.0/share/java/plugins/org.eclipse.equinox.launcher_1.6.400.v20210924-0641.jar
Launcher Type: SUN_STANDARD

[Global flags]
    uintx AdaptiveSizePolicyWeight                 = 90                                        {product} {command line}
     intx CICompilerCount                          = 2                                         {product} {ergonomic}
     bool EnableJVMCIProduct                       = true                                {JVMCI product} {jimage}
    uintx GCTimeRatio                              = 4                                         {product} {command line}
   size_t InitialHeapSize                          = 104857600                                 {product} {command line}
     uint JVMCIThreadsPerNativeLibraryRuntime      = 1                                   {JVMCI product} {jimage}
   size_t MaxHeapSize                              = 536870912                                 {product} {command line}
   size_t MaxNewSize                               = 178782208                                 {product} {ergonomic}
   size_t MinHeapDeltaBytes                        = 524288                                    {product} {ergonomic}
   size_t MinHeapSize                              = 104857600                                 {product} {command line}
   size_t NewSize                                  = 34603008                                  {product} {ergonomic}
    uintx NonNMethodCodeHeapSize                   = 5826188                                {pd product} {ergonomic}
    uintx NonProfiledCodeHeapSize                  = 122916026                              {pd product} {ergonomic}
   size_t OldSize                                  = 70254592                                  {product} {ergonomic}
    uintx ProfiledCodeHeapSize                     = 122916026                              {pd product} {ergonomic}
    uintx ReservedCodeCacheSize                    = 251658240                              {pd product} {ergonomic}
     bool SegmentedCodeCache                       = true                                      {product} {ergonomic}
   size_t SoftMaxHeapSize                          = 536870912                              {manageable} {ergonomic}
     intx ThreadPriorityPolicy                     = 1                                         {product} {jimage}
     bool UseCompressedClassPointers               = true                           {product lp64_product} {ergonomic}
     bool UseCompressedOops                        = true                           {product lp64_product} {ergonomic}
     bool UseParallelGC                            = true                                      {product} {command line}

Logging:
Log output configuration:
 #0: stdout all=warning uptime,level,tags
 #1: stderr all=off uptime,level,tags

Environment Variables:
JAVA_HOME=/nix/store/gpxl5qgg8kicmcvivwmybwjlpf7wh20l-graalvm17-ce-22.3.0
PATH=/nix/store/1d6ian3r8kdzspw8hacjhl3xkp40g1lj-binutils-wrapper-2.39/bin:/nix/store/dq0xwmsk1g0i2ayg6pb7y87na2knzylh-gcc-wrapper-11.3.0/bin:/nix/store/bap4d0lpcrhpwmpb8ayjcgkmvfj62lnq-bash-interactive-5.1-p16/bin:/nix/store/pr5n59mb4jzmfx6kanwxly0l07p861fg-patchelf-0.15.0/bin:/nix/store/1gf2flfqnpqbr1b4p4qz2f72y42bs56r-gcc-11.3.0/bin:/nix/store/57xv61c5zi8pphjbcwxxjlgc34p61ic9-glibc-2.35-163-bin/bin:/nix/store/a7gvj343m05j2s32xcnwr35v31ynlypr-coreutils-9.1/bin:/nix/store/039g378vc3pc3dvi9dzdlrd0i4q93qwf-binutils-2.39/bin:/nix/store/gpxl5qgg8kicmcvivwmybwjlpf7wh20l-graalvm17-ce-22.3.0/bin:/nix/store/6z9ag3ihc8mq2hzsw48lhbznvzny65nz-apache-maven-3.8.6/bin:/nix/store/m6gcpi1ii6rghy04cjwjddcavv7i90df-jdt-language-server-1.9.0/bin:/nix/store/84xs5alhs01zrbr4ywm05kxbjbp5590l-java-debug/bin:/nix/store/mydc6f4k2z73xlcz7ilif3v2lcaiqvza-findutils-4.9.0/bin:/nix/store/j9p3g8472iijd50vhdprx0nmk2fqn5gv-diffutils-3.8/bin:/nix/store/89zs7rms6x00xfq4dq6m7mjnhkr8a6r4-gnused-4.8/bin:/nix/store/86bp03jkmsl6f92w0yzg4s59g5mhxwmy-gnugrep-3.7/bin:/nix/store/hwcdqw4jrjnd37wxqgsd47hd0j8bnj09-gawk-5.1.1/bin:/nix/store/cfbhw8r8ags41vwqaz47r583d0p4h4a1-gnutar-1.34/bin:/nix/store/p3m1ndl1lapwrlh698bnb5lvvxh67378-gzip-1.12/bin:/nix/store/a8mhcagrsly7c7mpjrpsnaahk4aax056-bzip2-1.0.8-bin/bin:/nix/store/mblgz65m3zv9x548a3d5m96fj2pbwr09-gnumake-4.3/bin:/nix/store/dsd5gz46hdbdk2rfdimqddhq6m8m8fqs-bash-5.1-p16/bin:/nix/store/v7ljksji50mg3w61dykaa3n3y79n6nil-patch-2.7.6/bin:/nix/store/zlcnmqq14jz5x9439jf937mvayyl63da-xz-5.2.7-bin/bin:/nix/store/y6aj732zm9m87c82fpvf103a1xb22blp-file-5.43/bin:/nix/store/i4kzir3m7mrisxmf5xvlnkw01x4qaqr4-prybar-elisp-0.0.0-e0d9a52/bin:/nix/store/lwwivxf6h7x3cvxp9zv8sj0mv7dak99r-prybar-lua-0.0.0-e0d9a52/bin:/nix/store/gxj28g1cg4hq3qanmjv07156h800qr58-prybar-python3-0.0.0-e0d9a52/bin:/nix/store/hshkjnxrgidigf8x75vg6lqng2xlx9i3-prybar-sqlite-0.0.0-e0d9a52/bin:/nix/store/c4w01bpjgyy5ixmwdk8m1pw87zq4sl26-prybar-tcl-0.0.0-e0d9a52/bin:/nix/store/hpbvrlwd5viqmvcaisb3x0118i913a9n-st
LD_LIBRARY_PATH=/nix/store/a4pff549sk2idnkpzk5nsfps3mdkdnvm-cups-2.4.2-lib/lib:/nix/store/72mqxxhh3cy5yifh92wh2yb8cl2hikyy-cairo-1.16.0/lib:/nix/store/2k366jrbsra97gjfxwvrhvixjfxdach5-glib-2.74.1/lib:/nix/store/2j2znigd8ak37rlwh9khz0ry3clqlw1l-gtk+3-3.24.34/lib:/nix/store/hisqvx32cd57apbpcsnkpx6k3549wql1-libglvnd-1.4.0/lib:/nix/store/p36pgcv991mq5srvg765b78yqpxvk3qs-mesa-21.3.3-drivers/lib:/nix/store/mav4251if1ahjq5vkpwycyyvnmy459c4-pulseaudio-14.2/lib
DISPLAY=:0
LANG=en_US.UTF-8

Signal Handlers:
   SIGSEGV: crash_handler in libjvm.so, mask=11100100010111111101111111111110, flags=SA_RESTART|SA_SIGINFO
    SIGBUS: crash_handler in libjvm.so, mask=11100100010111111101111111111110, flags=SA_RESTART|SA_SIGINFO
    SIGFPE: crash_handler in libjvm.so, mask=11100100010111111101111111111110, flags=SA_RESTART|SA_SIGINFO
   SIGPIPE: IsolateEnterStub_IgnoreSIGPIPEStartupHook_noopSignalHandler_8f19bff2f35b5f630d83b364d6b2339320d4ec70_216e8361c6bc87a8f89f58cc10d3b2fd4415bf87 in libjvmcicompiler.so, mask=00000000000000000000000000000000, flags=SA_RESTART
  *** Handler was modified!
  *** Expected: javaSignalHandler in libjvm.so, mask=11100100110111111111111111111110, flags=SA_RESTART|SA_SIGINFO
   SIGXFSZ: javaSignalHandler in libjvm.so, mask=11100100010111111101111111111110, flags=SA_RESTART|SA_SIGINFO
    SIGILL: crash_handler in libjvm.so, mask=11100100010111111101111111111110, flags=SA_RESTART|SA_SIGINFO
   SIGUSR2: SR_handler in libjvm.so, mask=00000000000000000000000000000000, flags=SA_RESTART|SA_SIGINFO
    SIGHUP: UserHandler in libjvm.so, mask=11100100010111111101111111111110, flags=SA_RESTART|SA_SIGINFO
    SIGINT: UserHandler in libjvm.so, mask=11100100010111111101111111111110, flags=SA_RESTART|SA_SIGINFO
   SIGTERM: UserHandler in libjvm.so, mask=11100100010111111101111111111110, flags=SA_RESTART|SA_SIGINFO
   SIGQUIT: UserHandler in libjvm.so, mask=11100100010111111101111111111110, flags=SA_RESTART|SA_SIGINFO
  *** Handler was modified!
  *** Expected: javaSignalHandler in libjvm.so, mask=11100100110111111111111111111110, flags=SA_RESTART|SA_SIGINFO
   SIGTRAP: crash_handler in libjvm.so, mask=11100100010111111101111111111110, flags=SA_RESTART|SA_SIGINFO


---------------  S Y S T E M  ---------------

OS:
DISTRIB_ID=Ubuntu
DISTRIB_RELEASE=20.04
DISTRIB_CODENAME=focal
DISTRIB_DESCRIPTION="Ubuntu 20.04.2 LTS"
uname: Linux 5.15.0-1030-gcp #37~20.04.1-Ubuntu SMP Mon Feb 20 04:30:57 UTC 2023 x86_64
OS uptime: 0 days 19:03 hours
libc: glibc 2.35 NPTL 2.35 
rlimit (soft/hard): STACK 8192k/infinity , CORE infinity/infinity , NPROC infinity/infinity , NOFILE 5242/5242 , AS infinity/infinity , CPU infinity/infinity , DATA infinity/infinity , FSIZE infinity/infinity , MEMLOCK 64k/64k
load average: 36.24 25.42 21.77

/proc/meminfo:
MemTotal:       65852732 kB
MemFree:         2370628 kB
MemAvailable:   39855032 kB
Buffers:         2664376 kB
Cached:         33115620 kB
SwapCached:            0 kB
Active:         12890116 kB
Inactive:       44960280 kB
Active(anon):      17076 kB
Inactive(anon): 21841360 kB
Active(file):   12873040 kB
Inactive(file): 23118920 kB
Unevictable:       43012 kB
Mlocked:           43012 kB
SwapTotal:             0 kB
SwapFree:              0 kB
Dirty:             54940 kB
Writeback:        117548 kB
AnonPages:      19696948 kB
Mapped:          2026764 kB
Shmem:             67344 kB
KReclaimable:    2219044 kB
Slab:            4433432 kB
SReclaimable:    2219044 kB
SUnreclaim:      2214388 kB
KernelStack:      438880 kB
PageTables:       214968 kB
NFS_Unstable:          0 kB
Bounce:                0 kB
WritebackTmp:          0 kB
CommitLimit:    32926364 kB
Committed_AS:   75023568 kB
VmallocTotal:   34359738367 kB
VmallocUsed:      490428 kB
VmallocChunk:          0 kB
Percpu:            79552 kB
HardwareCorrupted:     0 kB
AnonHugePages:   1851392 kB
ShmemHugePages:        0 kB
ShmemPmdMapped:        0 kB
FileHugePages:         0 kB
FilePmdMapped:         0 kB
HugePages_Total:       0
HugePages_Free:        0
HugePages_Rsvd:        0
HugePages_Surp:        0
Hugepagesize:       2048 kB
Hugetlb:               0 kB
DirectMap4k:     7267136 kB
DirectMap2M:    52498432 kB
DirectMap1G:     9437184 kB

/sys/kernel/mm/transparent_hugepage/enabled: always [madvise] never
/sys/kernel/mm/transparent_hugepage/defrag (defrag/compaction efforts parameter): always defer defer+madvise [madvise] never

Process Memory:
Virtual Size: 5453912K (peak: 5549884K)
Resident Set Size: 726368K (peak: 791800K) (anon: 561084K, file: 165284K, shmem: 0K)
Swapped out: 0K
C-Heap outstanding allocations: 44673K, retained: 18018K
glibc malloc tunables: (default)

/proc/sys/kernel/threads-max (system-wide limit on the number of threads): 514406
/proc/sys/vm/max_map_count (maximum number of memory map areas a process may have): 65530
/proc/sys/kernel/pid_max (system-wide limit on number of process identifiers): 4194304

container (cgroup) information:
container_type: cgroupv1
cpu_cpuset_cpus: 2-7
cpu_memory_nodes: 0
active_processor_count: 1
cpu_quota: 50000
cpu_period: 100000
cpu_shares: 512
memory_limit_in_bytes: 1048576 k
memory_and_swap_limit_in_bytes: 1048576 k
memory_soft_limit_in_bytes: 524288 k
memory_usage_in_bytes: 682672 k
memory_max_usage_in_bytes: 696648 k
maximum number of tasks: 1000
current number of tasks: 64

KVM virtualization detected
Steal ticks since vm start: 0
Steal ticks percentage since vm start:  0.000

CPU: total 8 (initial active 1) (8 cores per cpu, 2 threads per core) family 23 model 49 stepping 0 microcode 0xffffffff, cx8, cmov, fxsr, ht, mmx, 3dnowpref, sse, sse2, sse3, ssse3, sse4a, sse4.1, sse4.2, popcnt, lzcnt, tsc, tscinvbit, avx, avx2, aes, clmul, bmi1, bmi2, adx, sha, fma, vzeroupper, clflush, clflushopt, hv
CPU Model and flags from /proc/cpuinfo:
model name	: AMD EPYC 7B12
flags		: fpu vme de pse tsc msr pae mce cx8 apic sep mtrr pge mca cmov pat pse36 clflush mmx fxsr sse sse2 ht syscall nx mmxext fxsr_opt pdpe1gb rdtscp lm constant_tsc rep_good nopl nonstop_tsc cpuid extd_apicid tsc_known_freq pni pclmulqdq ssse3 fma cx16 sse4_1 sse4_2 movbe popcnt aes xsave avx f16c rdrand hypervisor lahf_lm cmp_legacy cr8_legacy abm sse4a misalignsse 3dnowprefetch osvw topoext ssbd ibrs ibpb stibp vmmcall fsgsbase tsc_adjust bmi1 avx2 smep bmi2 rdseed adx smap clflushopt clwb sha_ni xsaveopt xsavec xgetbv1 clzero xsaveerptr arat npt nrip_save umip rdpid

Online cpus: 0-7
Offline cpus: 
BIOS frequency limitation: <Not Available>
Frequency switch latency (ns): <Not Available>
Available cpu frequencies: <Not Available>
Current governor: <Not Available>
Core performance/turbo boost: <Not Available>

Memory: 4k page, physical 1048576k(365892k free), swap 0k(0k free)
Page Sizes: 4k

vm_info: OpenJDK 64-Bit Server VM (17.0.5+8-jvmci-22.3-b08) for linux-amd64 JRE (17.0.5+8-jvmci-22.3-b08), built on Oct 19 2022 09:01:27 by "buildslave" with gcc 10.3.0

END.
